#
# There is insufficient memory for the Java Runtime Environment to continue.
# Native memory allocation (malloc) failed to allocate 564656 bytes for Chunk::new
# Possible reasons:
#   The system is out of physical RAM or swap space
#   The process is running with CompressedOops enabled, and the Java Heap may be blocking the growth of the native heap
# Possible solutions:
#   Reduce memory load on the system
#   Increase physical memory or swap space
#   Check if swap backing store is full
#   Decrease Java heap size (-Xmx/-Xms)
#   Decrease number of Java threads
#   Decrease Java thread stack sizes (-Xss)
#   Set larger code cache with -XX:ReservedCodeCacheSize=
#   JVM is running with Unscaled Compressed Oops mode in which the Java heap is
#     placed in the first 4GB address space. The Java Heap base address is the
#     maximum limit for the native heap growth. Please use -XX:HeapBaseMinAddress
#     to set the Java Heap base and to place the Java Heap above 4GB virtual address.
# This output file may be truncated or incomplete.
#
#  Out of Memory Error (./open/src/hotspot/share/memory/arena.cpp:197), pid=10908, tid=16376
#
# JRE version: Java(TM) SE Runtime Environment 18.9 (11.0.15+8) (build 11.0.15+8-LTS-149)
# Java VM: Java HotSpot(TM) 64-Bit Server VM 18.9 (11.0.15+8-LTS-149, mixed mode, tiered, compressed oops, g1 gc, windows-amd64)
# No core dump will be written. Minidumps are not enabled by default on client versions of Windows
#

---------------  S U M M A R Y ------------

Command Line: -XX:MaxMetaspaceSize=512m --add-opens=java.base/java.util=ALL-UNNAMED --add-opens=java.base/java.lang=ALL-UNNAMED --add-opens=java.base/java.lang.invoke=ALL-UNNAMED --add-opens=java.base/java.util=ALL-UNNAMED --add-opens=java.prefs/java.util.prefs=ALL-UNNAMED --add-opens=java.prefs/java.util.prefs=ALL-UNNAMED --add-opens=java.base/java.nio.charset=ALL-UNNAMED --add-opens=java.base/java.net=ALL-UNNAMED --add-opens=java.base/java.util.concurrent.atomic=ALL-UNNAMED -Xmx2048m -Dfile.encoding=windows-1252 -Duser.country=US -Duser.language=en -Duser.variant org.gradle.launcher.daemon.bootstrap.GradleDaemon 7.3.3

Host: Intel(R) Core(TM) i5-3230M CPU @ 2.60GHz, 4 cores, 7G,  Windows 10 , 64 bit Build 19041 (10.0.19041.1706)
Time: Wed Mar  1 00:27:28 2023 Pakistan Standard Time elapsed time: 196.332853 seconds (0d 0h 3m 16s)

---------------  T H R E A D  ---------------

Current thread (0x0000024bffd97000):  JavaThread "C2 CompilerThread0" daemon [_thread_in_native, id=16376, stack(0x000000db10400000,0x000000db10500000)]


Current CompileTask:
C2: 196333 20171       4       com.android.tools.r8.internal.E9::e (297 bytes)

Stack: [0x000000db10400000,0x000000db10500000]
Native frames: (J=compiled Java code, j=interpreted, Vv=VM code, C=native code)
V  [jvm.dll+0x629d8a]
V  [jvm.dll+0x7638ff]
V  [jvm.dll+0x764fa9]
V  [jvm.dll+0x765633]
V  [jvm.dll+0x23d9c8]
V  [jvm.dll+0xb2a1c]
V  [jvm.dll+0xb2fdc]
V  [jvm.dll+0x341047]
V  [jvm.dll+0x30e9b3]
V  [jvm.dll+0x30dcfa]
V  [jvm.dll+0x1f8565]
V  [jvm.dll+0x1f774d]
V  [jvm.dll+0x177c51]
V  [jvm.dll+0x207026]
V  [jvm.dll+0x2051bb]
V  [jvm.dll+0x729820]
V  [jvm.dll+0x7223f4]
V  [jvm.dll+0x628c26]
C  [ucrtbase.dll+0x21bb2]
C  [KERNEL32.DLL+0x17034]
C  [ntdll.dll+0x52651]


---------------  P R O C E S S  ---------------

Threads class SMR info:
_java_thread_list=0x0000024b8c95d4f0, length=102, elements={
0x0000024be860a800, 0x0000024bffd79000, 0x0000024bffd7a000, 0x0000024bffddf000,
0x0000024bffd92000, 0x0000024bffd94000, 0x0000024bffd97000, 0x0000024b86850000,
0x0000024b8685b800, 0x0000024b86952800, 0x0000024b877d2000, 0x0000024b8869b000,
0x0000024b87cfd000, 0x0000024b87cd5800, 0x0000024b87d4e000, 0x0000024b8742f000,
0x0000024b8832c000, 0x0000024b87859800, 0x0000024b8785a800, 0x0000024b8743c800,
0x0000024b8743a800, 0x0000024b8743b000, 0x0000024b8743c000, 0x0000024b8743d800,
0x0000024b8743e800, 0x0000024b8743f000, 0x0000024b87440000, 0x0000024b87441000,
0x0000024b8ad99000, 0x0000024b8ad94000, 0x0000024b8ad9a800, 0x0000024b8ad95000,
0x0000024b8ad96800, 0x0000024b8ad98800, 0x0000024b8ad97800, 0x0000024b8ad96000,
0x0000024b8ada0800, 0x0000024b8ada1000, 0x0000024b8ad9d000, 0x0000024b8ad9c800,
0x0000024b8ada3000, 0x0000024b8ada2000, 0x0000024b8ad9e000, 0x0000024b8ad9f800,
0x0000024b8ad9f000, 0x0000024b88f1e800, 0x0000024b88f1d000, 0x0000024b88f1e000,
0x0000024b88f19000, 0x0000024b88f1a800, 0x0000024b88f1f800, 0x0000024b88f1a000,
0x0000024b88f20800, 0x0000024b88f21000, 0x0000024b88f1b800, 0x0000024b88f22000,
0x0000024b88f1c000, 0x0000024b88f26000, 0x0000024b88f27800, 0x0000024b88f23000,
0x0000024b88f23800, 0x0000024b88f24800, 0x0000024b88f25000, 0x0000024b88f27000,
0x0000024b890a9000, 0x0000024b890a5000, 0x0000024b890a7800, 0x0000024b890a3800,
0x0000024b890a5800, 0x0000024b890a8000, 0x0000024b890aa000, 0x0000024b890a4000,
0x0000024b890aa800, 0x0000024b890ab800, 0x0000024b890ad000, 0x0000024b890ae000,
0x0000024b890ae800, 0x0000024b890af800, 0x0000024b890b0800, 0x0000024b8a9fe800,
0x0000024b8a9fa800, 0x0000024b8a9fc000, 0x0000024b8a9fc800, 0x0000024b8a9ff000,
0x0000024b8a9fb000, 0x0000024b8aa01000, 0x0000024b8aa05000, 0x0000024b8aa00000,
0x0000024b8a9fd800, 0x0000024b8aa05800, 0x0000024b8aa06800, 0x0000024b8aa07800,
0x0000024b8aa02800, 0x0000024b8aa08000, 0x0000024b8aa09000, 0x0000024b8aa03800,
0x0000024b8eb75000, 0x0000024b8eb74800, 0x0000024b8eb70800, 0x0000024b8eb77800,
0x0000024b8eb71000, 0x0000024b8eb72800
}

Java Threads: ( => current thread )
  0x0000024be860a800 JavaThread "main" [_thread_blocked, id=12304, stack(0x000000db0f700000,0x000000db0f800000)]
  0x0000024bffd79000 JavaThread "Reference Handler" daemon [_thread_blocked, id=17832, stack(0x000000db0ff00000,0x000000db10000000)]
  0x0000024bffd7a000 JavaThread "Finalizer" daemon [_thread_blocked, id=10792, stack(0x000000db10000000,0x000000db10100000)]
  0x0000024bffddf000 JavaThread "Signal Dispatcher" daemon [_thread_blocked, id=8596, stack(0x000000db10100000,0x000000db10200000)]
  0x0000024bffd92000 JavaThread "Attach Listener" daemon [_thread_blocked, id=2896, stack(0x000000db10200000,0x000000db10300000)]
  0x0000024bffd94000 JavaThread "Service Thread" daemon [_thread_blocked, id=8276, stack(0x000000db10300000,0x000000db10400000)]
=>0x0000024bffd97000 JavaThread "C2 CompilerThread0" daemon [_thread_in_native, id=16376, stack(0x000000db10400000,0x000000db10500000)]
  0x0000024b86850000 JavaThread "C1 CompilerThread0" daemon [_thread_blocked, id=5964, stack(0x000000db10500000,0x000000db10600000)]
  0x0000024b8685b800 JavaThread "Sweeper thread" daemon [_thread_blocked, id=12636, stack(0x000000db10600000,0x000000db10700000)]
  0x0000024b86952800 JavaThread "Common-Cleaner" daemon [_thread_blocked, id=9288, stack(0x000000db10700000,0x000000db10800000)]
  0x0000024b877d2000 JavaThread "Daemon health stats" [_thread_blocked, id=15036, stack(0x000000db10b00000,0x000000db10c00000)]
  0x0000024b8869b000 JavaThread "Incoming local TCP Connector on port 56750" [_thread_in_native, id=17300, stack(0x000000db10c00000,0x000000db10d00000)]
  0x0000024b87cfd000 JavaThread "Daemon periodic checks" [_thread_blocked, id=12880, stack(0x000000db10d00000,0x000000db10e00000)]
  0x0000024b87cd5800 JavaThread "Daemon" [_thread_blocked, id=17224, stack(0x000000db10e00000,0x000000db10f00000)]
  0x0000024b87d4e000 JavaThread "Handler for socket connection from /127.0.0.1:56750 to /127.0.0.1:56751" [_thread_in_native, id=9328, stack(0x000000db10f00000,0x000000db11000000)]
  0x0000024b8742f000 JavaThread "Cancel handler" [_thread_blocked, id=11400, stack(0x000000db11000000,0x000000db11100000)]
  0x0000024b8832c000 JavaThread "Daemon worker" [_thread_blocked, id=8164, stack(0x000000db11100000,0x000000db11200000)]
  0x0000024b87859800 JavaThread "Asynchronous log dispatcher for DefaultDaemonConnection: socket connection from /127.0.0.1:56750 to /127.0.0.1:56751" [_thread_blocked, id=15352, stack(0x000000db11200000,0x000000db11300000)]
  0x0000024b8785a800 JavaThread "Stdin handler" [_thread_blocked, id=15080, stack(0x000000db11300000,0x000000db11400000)]
  0x0000024b8743c800 JavaThread "Daemon client event forwarder" [_thread_blocked, id=13496, stack(0x000000db11400000,0x000000db11500000)]
  0x0000024b8743a800 JavaThread "Cache worker for journal cache (C:\Users\jahan\.gradle\caches\journal-1)" [_thread_blocked, id=17180, stack(0x000000db11600000,0x000000db11700000)]
  0x0000024b8743b000 JavaThread "File lock request listener" [_thread_in_native, id=17308, stack(0x000000db11700000,0x000000db11800000)]
  0x0000024b8743c000 JavaThread "Cache worker for file hash cache (C:\Users\jahan\.gradle\caches\7.3.3\fileHashes)" [_thread_blocked, id=9056, stack(0x000000db11800000,0x000000db11900000)]
  0x0000024b8743d800 JavaThread "Cache worker for file hash cache (C:\Users\jahan\Desktop\RopStam\Car_Registration\android\.gradle\7.3.3\fileHashes)" [_thread_blocked, id=15148, stack(0x000000db11900000,0x000000db11a00000)]
  0x0000024b8743e800 JavaThread "File watcher server" daemon [_thread_in_native, id=7008, stack(0x000000db11a00000,0x000000db11b00000)]
  0x0000024b8743f000 JavaThread "File watcher consumer" daemon [_thread_blocked, id=11220, stack(0x000000db11b00000,0x000000db11c00000)]
  0x0000024b87440000 JavaThread "Cache worker for checksums cache (C:\Users\jahan\Desktop\RopStam\Car_Registration\android\.gradle\7.3.3\checksums)" [_thread_blocked, id=12908, stack(0x000000db11c00000,0x000000db11d00000)]
  0x0000024b87441000 JavaThread "Cache worker for cache directory md-supplier (C:\Users\jahan\.gradle\caches\7.3.3\md-supplier)" [_thread_blocked, id=17264, stack(0x000000db11d00000,0x000000db11e00000)]
  0x0000024b8ad99000 JavaThread "Cache worker for cache directory md-rule (C:\Users\jahan\.gradle\caches\7.3.3\md-rule)" [_thread_blocked, id=9068, stack(0x000000db11e00000,0x000000db11f00000)]
  0x0000024b8ad94000 JavaThread "Cache worker for execution history cache (C:\Users\jahan\.gradle\caches\7.3.3\executionHistory)" [_thread_blocked, id=3304, stack(0x000000db11f00000,0x000000db12000000)]
  0x0000024b8ad9a800 JavaThread "jar transforms" [_thread_blocked, id=5484, stack(0x000000db12000000,0x000000db12100000)]
  0x0000024b8ad95000 JavaThread "jar transforms Thread 2" [_thread_blocked, id=5028, stack(0x000000db12100000,0x000000db12200000)]
  0x0000024b8ad96800 JavaThread "Cache worker for file content cache (C:\Users\jahan\.gradle\caches\7.3.3\fileContent)" [_thread_blocked, id=13504, stack(0x000000db12200000,0x000000db12300000)]
  0x0000024b8ad98800 JavaThread "jar transforms Thread 3" [_thread_blocked, id=10796, stack(0x000000db12300000,0x000000db12400000)]
  0x0000024b8ad97800 JavaThread "jar transforms Thread 4" [_thread_blocked, id=15296, stack(0x000000db12400000,0x000000db12500000)]
  0x0000024b8ad96000 JavaThread "Cache worker for kotlin-dsl (C:\Users\jahan\.gradle\caches\7.3.3\kotlin-dsl)" [_thread_blocked, id=10976, stack(0x000000db12700000,0x000000db12800000)]
  0x0000024b8ada0800 JavaThread "Cache worker for dependencies-accessors (C:\Users\jahan\Desktop\RopStam\Car_Registration\android\.gradle\7.3.3\dependencies-accessors)" [_thread_blocked, id=7216, stack(0x000000db12800000,0x000000db12900000)]
  0x0000024b8ada1000 JavaThread "Cache worker for Build Output Cleanup Cache (C:\Users\jahan\Desktop\RopStam\Car_Registration\node_modules\react-native-gradle-plugin\.gradle\buildOutputCleanup)" [_thread_blocked, id=3968, stack(0x000000db12900000,0x000000db12a00000)]
  0x0000024b8ad9d000 JavaThread "Unconstrained build operations" [_thread_blocked, id=17740, stack(0x000000db12a00000,0x000000db12b00000)]
  0x0000024b8ad9c800 JavaThread "Unconstrained build operations Thread 2" [_thread_blocked, id=16800, stack(0x000000db12b00000,0x000000db12c00000)]
  0x0000024b8ada3000 JavaThread "Unconstrained build operations Thread 3" [_thread_blocked, id=14564, stack(0x000000db12c00000,0x000000db12d00000)]
  0x0000024b8ada2000 JavaThread "Unconstrained build operations Thread 4" [_thread_in_vm, id=9624, stack(0x000000db12d00000,0x000000db12e00000)]
  0x0000024b8ad9e000 JavaThread "Unconstrained build operations Thread 5" [_thread_blocked, id=7028, stack(0x000000db12e00000,0x000000db12f00000)]
  0x0000024b8ad9f800 JavaThread "Unconstrained build operations Thread 6" [_thread_blocked, id=16444, stack(0x000000db12f00000,0x000000db13000000)]
  0x0000024b8ad9f000 JavaThread "Unconstrained build operations Thread 7" [_thread_blocked, id=2580, stack(0x000000db13000000,0x000000db13100000)]
  0x0000024b88f1e800 JavaThread "Unconstrained build operations Thread 8" [_thread_blocked, id=13104, stack(0x000000db13100000,0x000000db13200000)]
  0x0000024b88f1d000 JavaThread "Unconstrained build operations Thread 9" [_thread_in_Java, id=15648, stack(0x000000db13200000,0x000000db13300000)]
  0x0000024b88f1e000 JavaThread "Unconstrained build operations Thread 10" [_thread_blocked, id=10264, stack(0x000000db13300000,0x000000db13400000)]
  0x0000024b88f19000 JavaThread "Unconstrained build operations Thread 11" [_thread_in_native, id=15636, stack(0x000000db13400000,0x000000db13500000)]
  0x0000024b88f1a800 JavaThread "Unconstrained build operations Thread 12" [_thread_blocked, id=2656, stack(0x000000db13500000,0x000000db13600000)]
  0x0000024b88f1f800 JavaThread "Unconstrained build operations Thread 13" [_thread_blocked, id=14264, stack(0x000000db13600000,0x000000db13700000)]
  0x0000024b88f1a000 JavaThread "Unconstrained build operations Thread 14" [_thread_blocked, id=1780, stack(0x000000db13700000,0x000000db13800000)]
  0x0000024b88f20800 JavaThread "Unconstrained build operations Thread 15" [_thread_blocked, id=16768, stack(0x000000db13800000,0x000000db13900000)]
  0x0000024b88f21000 JavaThread "Unconstrained build operations Thread 16" [_thread_blocked, id=17080, stack(0x000000db13900000,0x000000db13a00000)]
  0x0000024b88f1b800 JavaThread "Unconstrained build operations Thread 17" [_thread_blocked, id=15256, stack(0x000000db13a00000,0x000000db13b00000)]
  0x0000024b88f22000 JavaThread "Unconstrained build operations Thread 18" [_thread_blocked, id=13296, stack(0x000000db13b00000,0x000000db13c00000)]
  0x0000024b88f1c000 JavaThread "Unconstrained build operations Thread 19" [_thread_blocked, id=10092, stack(0x000000db13c00000,0x000000db13d00000)]
  0x0000024b88f26000 JavaThread "Unconstrained build operations Thread 20" [_thread_blocked, id=7668, stack(0x000000db13d00000,0x000000db13e00000)]
  0x0000024b88f27800 JavaThread "Unconstrained build operations Thread 21" [_thread_blocked, id=5204, stack(0x000000db13e00000,0x000000db13f00000)]
  0x0000024b88f23000 JavaThread "Unconstrained build operations Thread 22" [_thread_blocked, id=3628, stack(0x000000db13f00000,0x000000db14000000)]
  0x0000024b88f23800 JavaThread "Unconstrained build operations Thread 23" [_thread_blocked, id=13588, stack(0x000000db14000000,0x000000db14100000)]
  0x0000024b88f24800 JavaThread "Unconstrained build operations Thread 24" [_thread_blocked, id=10412, stack(0x000000db14100000,0x000000db14200000)]
  0x0000024b88f25000 JavaThread "Unconstrained build operations Thread 25" [_thread_blocked, id=18272, stack(0x000000db14200000,0x000000db14300000)]
  0x0000024b88f27000 JavaThread "Unconstrained build operations Thread 26" [_thread_blocked, id=18760, stack(0x000000db14300000,0x000000db14400000)]
  0x0000024b890a9000 JavaThread "Unconstrained build operations Thread 27" [_thread_in_Java, id=12884, stack(0x000000db14400000,0x000000db14500000)]
  0x0000024b890a5000 JavaThread "Unconstrained build operations Thread 28" [_thread_blocked, id=10612, stack(0x000000db14500000,0x000000db14600000)]
  0x0000024b890a7800 JavaThread "Unconstrained build operations Thread 29" [_thread_blocked, id=16552, stack(0x000000db14600000,0x000000db14700000)]
  0x0000024b890a3800 JavaThread "Unconstrained build operations Thread 30" [_thread_blocked, id=3372, stack(0x000000db14700000,0x000000db14800000)]
  0x0000024b890a5800 JavaThread "Unconstrained build operations Thread 31" [_thread_blocked, id=4944, stack(0x000000db14800000,0x000000db14900000)]
  0x0000024b890a8000 JavaThread "Unconstrained build operations Thread 32" [_thread_blocked, id=14656, stack(0x000000db14900000,0x000000db14a00000)]
  0x0000024b890aa000 JavaThread "Unconstrained build operations Thread 33" [_thread_blocked, id=6136, stack(0x000000db14a00000,0x000000db14b00000)]
  0x0000024b890a4000 JavaThread "build event listener" [_thread_blocked, id=14140, stack(0x000000db14b00000,0x000000db14c00000)]
  0x0000024b890aa800 JavaThread "Memory manager" [_thread_blocked, id=10680, stack(0x000000db14c00000,0x000000db14d00000)]
  0x0000024b890ab800 JavaThread "Cache worker for Build Output Cleanup Cache (C:\Users\jahan\Desktop\RopStam\Car_Registration\android\.gradle\buildOutputCleanup)" [_thread_blocked, id=1800, stack(0x000000db14d00000,0x000000db14e00000)]
  0x0000024b890ad000 JavaThread "Cache worker for execution history cache (C:\Users\jahan\Desktop\RopStam\Car_Registration\node_modules\react-native-gradle-plugin\.gradle\7.3.3\executionHistory)" [_thread_blocked, id=4900, stack(0x000000db15000000,0x000000db15100000)]
  0x0000024b890ae000 JavaThread "Unconstrained build operations Thread 34" [_thread_blocked, id=16236, stack(0x000000db15100000,0x000000db15200000)]
  0x0000024b890ae800 JavaThread "Unconstrained build operations Thread 35" [_thread_blocked, id=11620, stack(0x000000db15200000,0x000000db15300000)]
  0x0000024b890af800 JavaThread "Unconstrained build operations Thread 36" [_thread_blocked, id=2060, stack(0x000000db15300000,0x000000db15400000)]
  0x0000024b890b0800 JavaThread "Unconstrained build operations Thread 37" [_thread_blocked, id=11168, stack(0x000000db15400000,0x000000db15500000)]
  0x0000024b8a9fe800 JavaThread "Unconstrained build operations Thread 38" [_thread_blocked, id=10676, stack(0x000000db15500000,0x000000db15600000)]
  0x0000024b8a9fa800 JavaThread "Unconstrained build operations Thread 39" [_thread_blocked, id=10656, stack(0x000000db15600000,0x000000db15700000)]
  0x0000024b8a9fc000 JavaThread "Unconstrained build operations Thread 40" [_thread_blocked, id=16952, stack(0x000000db15700000,0x000000db15800000)]
  0x0000024b8a9fc800 JavaThread "RMI Scheduler(0)" daemon [_thread_blocked, id=16032, stack(0x000000db15800000,0x000000db15900000)]
  0x0000024b8a9ff000 JavaThread "RMI GC Daemon" daemon [_thread_blocked, id=1840, stack(0x000000db15a00000,0x000000db15b00000)]
  0x0000024b8a9fb000 JavaThread "RMI TCP Accept-0" daemon [_thread_in_native, id=19228, stack(0x000000db15b00000,0x000000db15c00000)]
  0x0000024b8aa01000 JavaThread "RMI Reaper" [_thread_blocked, id=5260, stack(0x000000db15c00000,0x000000db15d00000)]
  0x0000024b8aa05000 JavaThread "File lock release action executor" [_thread_blocked, id=3480, stack(0x000000db15e00000,0x000000db15f00000)]
  0x0000024b8aa00000 JavaThread "Cache worker for Java compile cache (C:\Users\jahan\.gradle\caches\7.3.3\javaCompile)" [_thread_blocked, id=13264, stack(0x000000db15f00000,0x000000db16000000)]
  0x0000024b8a9fd800 JavaThread "Build operations" [_thread_blocked, id=17596, stack(0x000000db15900000,0x000000db15a00000)]
  0x0000024b8aa05800 JavaThread "Build operations Thread 2" [_thread_blocked, id=18564, stack(0x000000db16000000,0x000000db16100000)]
  0x0000024b8aa06800 JavaThread "Build operations Thread 3" [_thread_blocked, id=1256, stack(0x000000db16100000,0x000000db16200000)]
  0x0000024b8aa07800 JavaThread "Build operations Thread 4" [_thread_blocked, id=18776, stack(0x000000db16200000,0x000000db16300000)]
  0x0000024b8aa02800 JavaThread "Execution worker for ':'" [_thread_blocked, id=18752, stack(0x000000db0f800000,0x000000db0f900000)]
  0x0000024b8aa08000 JavaThread "Execution worker for ':' Thread 2" [_thread_blocked, id=14832, stack(0x000000db14e00000,0x000000db14f00000)]
  0x0000024b8aa09000 JavaThread "Execution worker for ':' Thread 3" [_thread_blocked, id=12328, stack(0x000000db14f00000,0x000000db15000000)]
  0x0000024b8aa03800 JavaThread "Cache worker for execution history cache (C:\Users\jahan\Desktop\RopStam\Car_Registration\android\.gradle\7.3.3\executionHistory)" [_thread_blocked, id=6912, stack(0x000000db16300000,0x000000db16400000)]
  0x0000024b8eb75000 JavaThread "WorkerExecutor Queue Thread 4" [_thread_blocked, id=13324, stack(0x000000db16800000,0x000000db16900000)]
  0x0000024b8eb74800 JavaThread "pool-3-thread-1" [_thread_blocked, id=13568, stack(0x000000db0f600000,0x000000db0f700000)]
  0x0000024b8eb70800 JavaThread "stderr" [_thread_in_native, id=14676, stack(0x000000db16400000,0x000000db16500000)]
  0x0000024b8eb77800 JavaThread "stdout" [_thread_in_native, id=17464, stack(0x000000db16600000,0x000000db16700000)]
  0x0000024b8eb71000 JavaThread "WorkerExecutor Queue Thread 5" [_thread_blocked, id=1988, stack(0x000000db16700000,0x000000db16800000)]
  0x0000024b8eb72800 JavaThread "WorkerExecutor Queue Thread 6" [_thread_blocked, id=1156, stack(0x000000db16900000,0x000000db16a00000)]

Other Threads:
  0x0000024bffd73000 VMThread "VM Thread" [stack: 0x000000db0fe00000,0x000000db0ff00000] [id=1604]
  0x0000024b86983000 WatcherThread [stack: 0x000000db10800000,0x000000db10900000] [id=7880]
  0x0000024be8621000 GCTaskThread "GC Thread#0" [stack: 0x000000db0f900000,0x000000db0fa00000] [id=12756]
  0x0000024b86c9a000 GCTaskThread "GC Thread#1" [stack: 0x000000db10900000,0x000000db10a00000] [id=5388]
  0x0000024b8715a800 GCTaskThread "GC Thread#2" [stack: 0x000000db10a00000,0x000000db10b00000] [id=1384]
  0x0000024b886eb800 GCTaskThread "GC Thread#3" [stack: 0x000000db11500000,0x000000db11600000] [id=14196]
  0x0000024be8651800 ConcurrentGCThread "G1 Main Marker" [stack: 0x000000db0fa00000,0x000000db0fb00000] [id=12492]
  0x0000024be8653000 ConcurrentGCThread "G1 Conc#0" [stack: 0x000000db0fb00000,0x000000db0fc00000] [id=10380]
  0x0000024be86e1800 ConcurrentGCThread "G1 Refine#0" [stack: 0x000000db0fc00000,0x000000db0fd00000] [id=6604]
  0x0000024be86e2800 ConcurrentGCThread "G1 Young RemSet Sampling" [stack: 0x000000db0fd00000,0x000000db0fe00000] [id=7740]

Threads with active compile tasks:
C2 CompilerThread0 196425 20171       4       com.android.tools.r8.internal.E9::e (297 bytes)

VM state:not at safepoint (normal execution)

VM Mutex/Monitor currently owned by a thread: None

Heap address: 0x0000000080000000, size: 2048 MB, Compressed Oops mode: 32-bit
Narrow klass base: 0x0000000000000000, Narrow klass shift: 3
Compressed class space size: 528482304 Address: 0x0000000100000000

Heap:
 garbage-first heap   total 315392K, used 254435K [0x0000000080000000, 0x0000000100000000)
  region size 1024K, 99 young (101376K), 5 survivors (5120K)
 Metaspace       used 128845K, capacity 132498K, committed 132600K, reserved 632832K
  class space    used 16273K, capacity 17692K, committed 17740K, reserved 516096K
Heap Regions: E=young(eden), S=young(survivor), O=old, HS=humongous(starts), HC=humongous(continues), CS=collection set, F=free, A=archive, TAMS=top-at-mark-start (previous, next)
|   0|0x0000000080000000, 0x0000000080100000, 0x0000000080100000|100%| O|  |TAMS 0x0000000080100000, 0x0000000080000000| Untracked 
|   1|0x0000000080100000, 0x0000000080200000, 0x0000000080200000|100%| O|  |TAMS 0x0000000080200000, 0x0000000080100000| Untracked 
|   2|0x0000000080200000, 0x0000000080300000, 0x0000000080300000|100%| O|  |TAMS 0x0000000080300000, 0x0000000080200000| Untracked 
|   3|0x0000000080300000, 0x0000000080400000, 0x0000000080400000|100%|HS|  |TAMS 0x0000000080400000, 0x0000000080300000| Complete 
|   4|0x0000000080400000, 0x0000000080500000, 0x0000000080500000|100%|HC|  |TAMS 0x0000000080500000, 0x0000000080400000| Complete 
|   5|0x0000000080500000, 0x0000000080600000, 0x0000000080600000|100%|HC|  |TAMS 0x0000000080600000, 0x0000000080500000| Complete 
|   6|0x0000000080600000, 0x0000000080700000, 0x0000000080700000|100%| O|  |TAMS 0x0000000080700000, 0x0000000080600000| Complete 
|   7|0x0000000080700000, 0x0000000080800000, 0x0000000080800000|100%| O|  |TAMS 0x0000000080800000, 0x0000000080700000| Untracked 
|   8|0x0000000080800000, 0x0000000080900000, 0x0000000080900000|100%| O|  |TAMS 0x0000000080900000, 0x0000000080800000| Untracked 
|   9|0x0000000080900000, 0x0000000080a00000, 0x0000000080a00000|100%|HS|  |TAMS 0x0000000080a00000, 0x0000000080900000| Complete 
|  10|0x0000000080a00000, 0x0000000080b00000, 0x0000000080b00000|100%| O|  |TAMS 0x0000000080b00000, 0x0000000080a00000| Untracked 
|  11|0x0000000080b00000, 0x0000000080c00000, 0x0000000080c00000|100%| O|  |TAMS 0x0000000080c00000, 0x0000000080b00000| Untracked 
|  12|0x0000000080c00000, 0x0000000080d00000, 0x0000000080d00000|100%| O|  |TAMS 0x0000000080d00000, 0x0000000080c00000| Untracked 
|  13|0x0000000080d00000, 0x0000000080e00000, 0x0000000080e00000|100%| O|  |TAMS 0x0000000080e00000, 0x0000000080d00000| Untracked 
|  14|0x0000000080e00000, 0x0000000080f00000, 0x0000000080f00000|100%| O|  |TAMS 0x0000000080f00000, 0x0000000080e00000| Untracked 
|  15|0x0000000080f00000, 0x0000000081000000, 0x0000000081000000|100%| O|  |TAMS 0x0000000081000000, 0x0000000080f00000| Untracked 
|  16|0x0000000081000000, 0x0000000081100000, 0x0000000081100000|100%| O|  |TAMS 0x0000000081100000, 0x0000000081000000| Untracked 
|  17|0x0000000081100000, 0x0000000081200000, 0x0000000081200000|100%| O|  |TAMS 0x0000000081200000, 0x0000000081100000| Untracked 
|  18|0x0000000081200000, 0x0000000081300000, 0x0000000081300000|100%| O|  |TAMS 0x0000000081300000, 0x0000000081200000| Complete 
|  19|0x0000000081300000, 0x0000000081400000, 0x0000000081400000|100%|HS|  |TAMS 0x0000000081400000, 0x0000000081300000| Complete 
|  20|0x0000000081400000, 0x0000000081500000, 0x0000000081500000|100%| O|  |TAMS 0x0000000081500000, 0x0000000081400000| Untracked 
|  21|0x0000000081500000, 0x0000000081600000, 0x0000000081600000|100%| O|  |TAMS 0x0000000081600000, 0x0000000081500000| Complete 
|  22|0x0000000081600000, 0x0000000081700000, 0x0000000081700000|100%| O|  |TAMS 0x0000000081700000, 0x0000000081600000| Untracked 
|  23|0x0000000081700000, 0x0000000081800000, 0x0000000081800000|100%| O|  |TAMS 0x0000000081800000, 0x0000000081700000| Untracked 
|  24|0x0000000081800000, 0x0000000081900000, 0x0000000081900000|100%| O|  |TAMS 0x0000000081900000, 0x0000000081800000| Untracked 
|  25|0x0000000081900000, 0x0000000081a00000, 0x0000000081a00000|100%|HS|  |TAMS 0x0000000081a00000, 0x0000000081900000| Complete 
|  26|0x0000000081a00000, 0x0000000081b00000, 0x0000000081b00000|100%| O|  |TAMS 0x0000000081b00000, 0x0000000081a00000| Untracked 
|  27|0x0000000081b00000, 0x0000000081c00000, 0x0000000081c00000|100%| O|  |TAMS 0x0000000081c00000, 0x0000000081b00000| Complete 
|  28|0x0000000081c00000, 0x0000000081d00000, 0x0000000081d00000|100%|HS|  |TAMS 0x0000000081d00000, 0x0000000081c00000| Complete 
|  29|0x0000000081d00000, 0x0000000081e00000, 0x0000000081e00000|100%|HC|  |TAMS 0x0000000081e00000, 0x0000000081d00000| Complete 
|  30|0x0000000081e00000, 0x0000000081f00000, 0x0000000081f00000|100%|HC|  |TAMS 0x0000000081f00000, 0x0000000081e00000| Complete 
|  31|0x0000000081f00000, 0x0000000082000000, 0x0000000082000000|100%| O|  |TAMS 0x0000000082000000, 0x0000000081f00000| Untracked 
|  32|0x0000000082000000, 0x0000000082000000, 0x0000000082100000|  0%| F|  |TAMS 0x0000000082000000, 0x0000000082000000| Untracked 
|  33|0x0000000082100000, 0x0000000082200000, 0x0000000082200000|100%| O|  |TAMS 0x0000000082200000, 0x0000000082100000| Complete 
|  34|0x0000000082200000, 0x0000000082300000, 0x0000000082300000|100%| O|  |TAMS 0x0000000082300000, 0x0000000082200000| Untracked 
|  35|0x0000000082300000, 0x0000000082400000, 0x0000000082400000|100%| O|  |TAMS 0x0000000082400000, 0x0000000082300000| Untracked 
|  36|0x0000000082400000, 0x0000000082500000, 0x0000000082500000|100%| O|  |TAMS 0x0000000082500000, 0x0000000082400000| Untracked 
|  37|0x0000000082500000, 0x0000000082600000, 0x0000000082600000|100%| O|  |TAMS 0x0000000082600000, 0x0000000082500000| Complete 
|  38|0x0000000082600000, 0x0000000082700000, 0x0000000082700000|100%| O|  |TAMS 0x0000000082700000, 0x0000000082600000| Complete 
|  39|0x0000000082700000, 0x0000000082800000, 0x0000000082800000|100%| O|  |TAMS 0x0000000082800000, 0x0000000082700000| Untracked 
|  40|0x0000000082800000, 0x0000000082900000, 0x0000000082900000|100%| O|  |TAMS 0x0000000082900000, 0x0000000082800000| Complete 
|  41|0x0000000082900000, 0x0000000082a00000, 0x0000000082a00000|100%| O|  |TAMS 0x0000000082a00000, 0x0000000082900000| Untracked 
|  42|0x0000000082a00000, 0x0000000082b00000, 0x0000000082b00000|100%| O|  |TAMS 0x0000000082b00000, 0x0000000082a00000| Untracked 
|  43|0x0000000082b00000, 0x0000000082c00000, 0x0000000082c00000|100%| O|  |TAMS 0x0000000082c00000, 0x0000000082b00000| Untracked 
|  44|0x0000000082c00000, 0x0000000082d00000, 0x0000000082d00000|100%| O|  |TAMS 0x0000000082d00000, 0x0000000082c00000| Complete 
|  45|0x0000000082d00000, 0x0000000082e00000, 0x0000000082e00000|100%| O|  |TAMS 0x0000000082e00000, 0x0000000082d00000| Untracked 
|  46|0x0000000082e00000, 0x0000000082f00000, 0x0000000082f00000|100%| O|  |TAMS 0x0000000082f00000, 0x0000000082e00000| Complete 
|  47|0x0000000082f00000, 0x0000000083000000, 0x0000000083000000|100%| O|  |TAMS 0x0000000083000000, 0x0000000082f00000| Untracked 
|  48|0x0000000083000000, 0x0000000083100000, 0x0000000083100000|100%| O|  |TAMS 0x0000000083100000, 0x0000000083000000| Untracked 
|  49|0x0000000083100000, 0x0000000083200000, 0x0000000083200000|100%| O|  |TAMS 0x0000000083200000, 0x0000000083100000| Complete 
|  50|0x0000000083200000, 0x0000000083300000, 0x0000000083300000|100%| O|  |TAMS 0x0000000083300000, 0x0000000083200000| Complete 
|  51|0x0000000083300000, 0x0000000083400000, 0x0000000083400000|100%| O|  |TAMS 0x0000000083400000, 0x0000000083300000| Complete 
|  52|0x0000000083400000, 0x0000000083500000, 0x0000000083500000|100%| O|  |TAMS 0x0000000083500000, 0x0000000083400000| Untracked 
|  53|0x0000000083500000, 0x0000000083600000, 0x0000000083600000|100%| O|  |TAMS 0x0000000083600000, 0x0000000083500000| Untracked 
|  54|0x0000000083600000, 0x0000000083700000, 0x0000000083700000|100%| O|  |TAMS 0x0000000083700000, 0x0000000083600000| Complete 
|  55|0x0000000083700000, 0x0000000083800000, 0x0000000083800000|100%| O|  |TAMS 0x0000000083800000, 0x0000000083700000| Untracked 
|  56|0x0000000083800000, 0x0000000083900000, 0x0000000083900000|100%| O|  |TAMS 0x0000000083900000, 0x0000000083800000| Untracked 
|  57|0x0000000083900000, 0x0000000083a00000, 0x0000000083a00000|100%| O|  |TAMS 0x0000000083a00000, 0x0000000083900000| Untracked 
|  58|0x0000000083a00000, 0x0000000083b00000, 0x0000000083b00000|100%| O|  |TAMS 0x0000000083b00000, 0x0000000083a00000| Untracked 
|  59|0x0000000083b00000, 0x0000000083c00000, 0x0000000083c00000|100%| O|  |TAMS 0x0000000083c00000, 0x0000000083b00000| Complete 
|  60|0x0000000083c00000, 0x0000000083d00000, 0x0000000083d00000|100%| O|  |TAMS 0x0000000083d00000, 0x0000000083c00000| Complete 
|  61|0x0000000083d00000, 0x0000000083e00000, 0x0000000083e00000|100%| O|  |TAMS 0x0000000083e00000, 0x0000000083d00000| Complete 
|  62|0x0000000083e00000, 0x0000000083f00000, 0x0000000083f00000|100%| O|  |TAMS 0x0000000083f00000, 0x0000000083e00000| Complete 
|  63|0x0000000083f00000, 0x0000000084000000, 0x0000000084000000|100%| O|  |TAMS 0x0000000084000000, 0x0000000083f00000| Untracked 
|  64|0x0000000084000000, 0x0000000084100000, 0x0000000084100000|100%| O|  |TAMS 0x0000000084100000, 0x0000000084000000| Complete 
|  65|0x0000000084100000, 0x0000000084200000, 0x0000000084200000|100%| O|  |TAMS 0x0000000084200000, 0x0000000084100000| Complete 
|  66|0x0000000084200000, 0x0000000084300000, 0x0000000084300000|100%| O|  |TAMS 0x0000000084300000, 0x0000000084200000| Complete 
|  67|0x0000000084300000, 0x0000000084400000, 0x0000000084400000|100%| O|  |TAMS 0x0000000084400000, 0x0000000084300000| Complete 
|  68|0x0000000084400000, 0x0000000084500000, 0x0000000084500000|100%| O|  |TAMS 0x0000000084500000, 0x0000000084400000| Complete 
|  69|0x0000000084500000, 0x0000000084600000, 0x0000000084600000|100%| O|  |TAMS 0x0000000084600000, 0x0000000084500000| Complete 
|  70|0x0000000084600000, 0x0000000084700000, 0x0000000084700000|100%|HS|  |TAMS 0x0000000084600000, 0x0000000084600000| Complete 
|  71|0x0000000084700000, 0x0000000084800000, 0x0000000084800000|100%|HC|  |TAMS 0x0000000084700000, 0x0000000084700000| Complete 
|  72|0x0000000084800000, 0x0000000084900000, 0x0000000084900000|100%| O|  |TAMS 0x0000000084900000, 0x0000000084800000| Complete 
|  73|0x0000000084900000, 0x0000000084a00000, 0x0000000084a00000|100%| O|  |TAMS 0x0000000084a00000, 0x0000000084900000| Complete 
|  74|0x0000000084a00000, 0x0000000084a00000, 0x0000000084b00000|  0%| F|  |TAMS 0x0000000084a00000, 0x0000000084a00000| Untracked 
|  75|0x0000000084b00000, 0x0000000084c00000, 0x0000000084c00000|100%| O|  |TAMS 0x0000000084c00000, 0x0000000084b00000| Complete 
|  76|0x0000000084c00000, 0x0000000084d00000, 0x0000000084d00000|100%| O|  |TAMS 0x0000000084d00000, 0x0000000084c00000| Untracked 
|  77|0x0000000084d00000, 0x0000000084e00000, 0x0000000084e00000|100%| O|  |TAMS 0x0000000084e00000, 0x0000000084d00000| Complete 
|  78|0x0000000084e00000, 0x0000000084f00000, 0x0000000084f00000|100%| O|  |TAMS 0x0000000084f00000, 0x0000000084e00000| Untracked 
|  79|0x0000000084f00000, 0x0000000085000000, 0x0000000085000000|100%| O|  |TAMS 0x0000000085000000, 0x0000000084f00000| Complete 
|  80|0x0000000085000000, 0x0000000085100000, 0x0000000085100000|100%| O|  |TAMS 0x0000000085100000, 0x0000000085000000| Untracked 
|  81|0x0000000085100000, 0x0000000085200000, 0x0000000085200000|100%| O|  |TAMS 0x0000000085200000, 0x0000000085100000| Complete 
|  82|0x0000000085200000, 0x0000000085300000, 0x0000000085300000|100%| O|  |TAMS 0x0000000085300000, 0x0000000085200000| Untracked 
|  83|0x0000000085300000, 0x0000000085400000, 0x0000000085400000|100%| O|  |TAMS 0x0000000085400000, 0x0000000085300000| Untracked 
|  84|0x0000000085400000, 0x0000000085500000, 0x0000000085500000|100%| O|  |TAMS 0x0000000085500000, 0x0000000085400000| Untracked 
|  85|0x0000000085500000, 0x0000000085600000, 0x0000000085600000|100%| O|  |TAMS 0x0000000085600000, 0x0000000085500000| Untracked 
|  86|0x0000000085600000, 0x0000000085700000, 0x0000000085700000|100%| O|  |TAMS 0x0000000085700000, 0x0000000085600000| Complete 
|  87|0x0000000085700000, 0x0000000085800000, 0x0000000085800000|100%| O|  |TAMS 0x0000000085800000, 0x0000000085700000| Complete 
|  88|0x0000000085800000, 0x0000000085900000, 0x0000000085900000|100%| O|  |TAMS 0x0000000085900000, 0x0000000085800000| Complete 
|  89|0x0000000085900000, 0x0000000085900000, 0x0000000085a00000|  0%| F|  |TAMS 0x0000000085900000, 0x0000000085900000| Untracked 
|  90|0x0000000085a00000, 0x0000000085b00000, 0x0000000085b00000|100%| O|  |TAMS 0x0000000085b00000, 0x0000000085a00000| Untracked 
|  91|0x0000000085b00000, 0x0000000085b00000, 0x0000000085c00000|  0%| F|  |TAMS 0x0000000085b00000, 0x0000000085b00000| Untracked 
|  92|0x0000000085c00000, 0x0000000085d00000, 0x0000000085d00000|100%|HS|  |TAMS 0x0000000085d00000, 0x0000000085c00000| Complete 
|  93|0x0000000085d00000, 0x0000000085e00000, 0x0000000085e00000|100%|HC|  |TAMS 0x0000000085e00000, 0x0000000085d00000| Complete 
|  94|0x0000000085e00000, 0x0000000085f00000, 0x0000000085f00000|100%| O|  |TAMS 0x0000000085f00000, 0x0000000085e00000| Untracked 
|  95|0x0000000085f00000, 0x0000000086000000, 0x0000000086000000|100%| O|  |TAMS 0x0000000086000000, 0x0000000085f00000| Untracked 
|  96|0x0000000086000000, 0x0000000086000000, 0x0000000086100000|  0%| F|  |TAMS 0x0000000086000000, 0x0000000086000000| Untracked 
|  97|0x0000000086100000, 0x0000000086200000, 0x0000000086200000|100%| O|  |TAMS 0x0000000086200000, 0x0000000086100000| Untracked 
|  98|0x0000000086200000, 0x0000000086300000, 0x0000000086300000|100%| O|  |TAMS 0x0000000086300000, 0x0000000086200000| Untracked 
|  99|0x0000000086300000, 0x0000000086400000, 0x0000000086400000|100%| O|  |TAMS 0x0000000086400000, 0x0000000086300000| Complete 
| 100|0x0000000086400000, 0x0000000086500000, 0x0000000086500000|100%| O|  |TAMS 0x0000000086500000, 0x0000000086400000| Complete 
| 101|0x0000000086500000, 0x0000000086600000, 0x0000000086600000|100%| O|  |TAMS 0x0000000086600000, 0x0000000086500000| Complete 
| 102|0x0000000086600000, 0x0000000086700000, 0x0000000086700000|100%| O|  |TAMS 0x0000000086700000, 0x0000000086600000| Complete 
| 103|0x0000000086700000, 0x0000000086800000, 0x0000000086800000|100%| O|  |TAMS 0x0000000086800000, 0x0000000086700000| Complete 
| 104|0x0000000086800000, 0x0000000086900000, 0x0000000086900000|100%| O|  |TAMS 0x0000000086900000, 0x0000000086800000| Untracked 
| 105|0x0000000086900000, 0x0000000086a00000, 0x0000000086a00000|100%| O|  |TAMS 0x0000000086a00000, 0x0000000086900000| Complete 
| 106|0x0000000086a00000, 0x0000000086b00000, 0x0000000086b00000|100%| O|  |TAMS 0x0000000086b00000, 0x0000000086a00000| Complete 
| 107|0x0000000086b00000, 0x0000000086c00000, 0x0000000086c00000|100%|HS|  |TAMS 0x0000000086b00000, 0x0000000086b00000| Complete 
| 108|0x0000000086c00000, 0x0000000086d00000, 0x0000000086d00000|100%|HC|  |TAMS 0x0000000086c00000, 0x0000000086c00000| Complete 
| 109|0x0000000086d00000, 0x0000000086e00000, 0x0000000086e00000|100%| O|  |TAMS 0x0000000086e00000, 0x0000000086d00000| Complete 
| 110|0x0000000086e00000, 0x0000000086f00000, 0x0000000086f00000|100%| O|  |TAMS 0x0000000086f00000, 0x0000000086e00000| Complete 
| 111|0x0000000086f00000, 0x0000000087000000, 0x0000000087000000|100%| O|  |TAMS 0x0000000087000000, 0x0000000086f00000| Complete 
| 112|0x0000000087000000, 0x0000000087100000, 0x0000000087100000|100%| O|  |TAMS 0x0000000087100000, 0x0000000087000000| Untracked 
| 113|0x0000000087100000, 0x0000000087200000, 0x0000000087200000|100%| O|  |TAMS 0x0000000087200000, 0x0000000087100000| Untracked 
| 114|0x0000000087200000, 0x0000000087300000, 0x0000000087300000|100%| O|  |TAMS 0x0000000087300000, 0x0000000087200000| Untracked 
| 115|0x0000000087300000, 0x0000000087400000, 0x0000000087400000|100%| O|  |TAMS 0x0000000087400000, 0x0000000087300000| Untracked 
| 116|0x0000000087400000, 0x0000000087500000, 0x0000000087500000|100%| O|  |TAMS 0x0000000087500000, 0x0000000087400000| Untracked 
| 117|0x0000000087500000, 0x0000000087600000, 0x0000000087600000|100%| O|  |TAMS 0x0000000087600000, 0x0000000087500000| Untracked 
| 118|0x0000000087600000, 0x0000000087700000, 0x0000000087700000|100%| O|  |TAMS 0x0000000087700000, 0x0000000087600000| Complete 
| 119|0x0000000087700000, 0x0000000087800000, 0x0000000087800000|100%| O|  |TAMS 0x0000000087800000, 0x0000000087700000| Complete 
| 120|0x0000000087800000, 0x0000000087900000, 0x0000000087900000|100%| O|  |TAMS 0x0000000087900000, 0x0000000087800000| Untracked 
| 121|0x0000000087900000, 0x0000000087a00000, 0x0000000087a00000|100%| O|  |TAMS 0x0000000087a00000, 0x0000000087900000| Untracked 
| 122|0x0000000087a00000, 0x0000000087b00000, 0x0000000087b00000|100%| O|  |TAMS 0x0000000087b00000, 0x0000000087a00000| Untracked 
| 123|0x0000000087b00000, 0x0000000087c00000, 0x0000000087c00000|100%| O|  |TAMS 0x0000000087c00000, 0x0000000087b00000| Untracked 
| 124|0x0000000087c00000, 0x0000000087d00000, 0x0000000087d00000|100%| O|  |TAMS 0x0000000087d00000, 0x0000000087c00000| Untracked 
| 125|0x0000000087d00000, 0x0000000087e00000, 0x0000000087e00000|100%| O|  |TAMS 0x0000000087e00000, 0x0000000087d00000| Untracked 
| 126|0x0000000087e00000, 0x0000000087f00000, 0x0000000087f00000|100%| O|  |TAMS 0x0000000087f00000, 0x0000000087e00000| Untracked 
| 127|0x0000000087f00000, 0x0000000088000000, 0x0000000088000000|100%| O|  |TAMS 0x0000000088000000, 0x0000000087f00000| Untracked 
| 128|0x0000000088000000, 0x0000000088100000, 0x0000000088100000|100%| O|  |TAMS 0x0000000088100000, 0x0000000088000000| Complete 
| 129|0x0000000088100000, 0x0000000088200000, 0x0000000088200000|100%| O|  |TAMS 0x0000000088200000, 0x0000000088100000| Untracked 
| 130|0x0000000088200000, 0x0000000088300000, 0x0000000088300000|100%| O|  |TAMS 0x0000000088300000, 0x0000000088200000| Untracked 
| 131|0x0000000088300000, 0x0000000088400000, 0x0000000088400000|100%| O|  |TAMS 0x0000000088400000, 0x0000000088300000| Untracked 
| 132|0x0000000088400000, 0x0000000088500000, 0x0000000088500000|100%| O|  |TAMS 0x0000000088500000, 0x0000000088400000| Untracked 
| 133|0x0000000088500000, 0x0000000088600000, 0x0000000088600000|100%| O|  |TAMS 0x0000000088600000, 0x0000000088500000| Complete 
| 134|0x0000000088600000, 0x0000000088700000, 0x0000000088700000|100%| O|  |TAMS 0x0000000088700000, 0x0000000088600000| Complete 
| 135|0x0000000088700000, 0x0000000088800000, 0x0000000088800000|100%| O|  |TAMS 0x0000000088800000, 0x0000000088700000| Untracked 
| 136|0x0000000088800000, 0x0000000088900000, 0x0000000088900000|100%| O|  |TAMS 0x0000000088900000, 0x0000000088800000| Complete 
| 137|0x0000000088900000, 0x0000000088a00000, 0x0000000088a00000|100%| O|  |TAMS 0x0000000088a00000, 0x0000000088900000| Complete 
| 138|0x0000000088a00000, 0x0000000088b00000, 0x0000000088b00000|100%| O|  |TAMS 0x0000000088b00000, 0x0000000088a00000| Untracked 
| 139|0x0000000088b00000, 0x0000000088c00000, 0x0000000088c00000|100%|HS|  |TAMS 0x0000000088b00000, 0x0000000088b00000| Complete 
| 140|0x0000000088c00000, 0x0000000088d00000, 0x0000000088d00000|100%|HC|  |TAMS 0x0000000088c00000, 0x0000000088c00000| Complete 
| 141|0x0000000088d00000, 0x0000000088e00000, 0x0000000088e00000|100%|HS|  |TAMS 0x0000000088d00000, 0x0000000088d00000| Complete 
| 142|0x0000000088e00000, 0x0000000088f00000, 0x0000000088f00000|100%|HC|  |TAMS 0x0000000088e00000, 0x0000000088e00000| Complete 
| 143|0x0000000088f00000, 0x0000000088f00000, 0x0000000089000000|  0%| F|  |TAMS 0x0000000088f00000, 0x0000000088f00000| Untracked 
| 144|0x0000000089000000, 0x0000000089000000, 0x0000000089100000|  0%| F|  |TAMS 0x0000000089000000, 0x0000000089000000| Untracked 
| 145|0x0000000089100000, 0x0000000089100000, 0x0000000089200000|  0%| F|  |TAMS 0x0000000089100000, 0x0000000089100000| Untracked 
| 146|0x0000000089200000, 0x0000000089300000, 0x0000000089300000|100%| O|  |TAMS 0x0000000089300000, 0x0000000089200000| Complete 
| 147|0x0000000089300000, 0x0000000089300000, 0x0000000089400000|  0%| F|  |TAMS 0x0000000089300000, 0x0000000089300000| Untracked 
| 148|0x0000000089400000, 0x0000000089400000, 0x0000000089500000|  0%| F|  |TAMS 0x0000000089400000, 0x0000000089400000| Untracked 
| 149|0x0000000089500000, 0x0000000089500000, 0x0000000089600000|  0%| F|  |TAMS 0x0000000089500000, 0x0000000089500000| Untracked 
| 150|0x0000000089600000, 0x0000000089600000, 0x0000000089700000|  0%| F|  |TAMS 0x0000000089600000, 0x0000000089600000| Untracked 
| 151|0x0000000089700000, 0x0000000089700000, 0x0000000089800000|  0%| F|  |TAMS 0x0000000089700000, 0x0000000089700000| Untracked 
| 152|0x0000000089800000, 0x0000000089800000, 0x0000000089900000|  0%| F|  |TAMS 0x0000000089800000, 0x0000000089800000| Untracked 
| 153|0x0000000089900000, 0x0000000089900000, 0x0000000089a00000|  0%| F|  |TAMS 0x0000000089900000, 0x0000000089900000| Untracked 
| 154|0x0000000089a00000, 0x0000000089a00000, 0x0000000089b00000|  0%| F|  |TAMS 0x0000000089a00000, 0x0000000089a00000| Untracked 
| 155|0x0000000089b00000, 0x0000000089b00000, 0x0000000089c00000|  0%| F|  |TAMS 0x0000000089b00000, 0x0000000089b00000| Untracked 
| 156|0x0000000089c00000, 0x0000000089c00000, 0x0000000089d00000|  0%| F|  |TAMS 0x0000000089c00000, 0x0000000089c00000| Untracked 
| 157|0x0000000089d00000, 0x0000000089e00000, 0x0000000089e00000|100%| O|  |TAMS 0x0000000089e00000, 0x0000000089d00000| Untracked 
| 158|0x0000000089e00000, 0x0000000089f00000, 0x0000000089f00000|100%| O|  |TAMS 0x0000000089f00000, 0x0000000089e00000| Untracked 
| 159|0x0000000089f00000, 0x000000008a000000, 0x000000008a000000|100%| O|  |TAMS 0x000000008a000000, 0x0000000089f00000| Complete 
| 160|0x000000008a000000, 0x000000008a100000, 0x000000008a100000|100%| O|  |TAMS 0x000000008a100000, 0x000000008a000000| Complete 
| 161|0x000000008a100000, 0x000000008a200000, 0x000000008a200000|100%| O|  |TAMS 0x000000008a200000, 0x000000008a100000| Complete 
| 162|0x000000008a200000, 0x000000008a300000, 0x000000008a300000|100%| O|  |TAMS 0x000000008a300000, 0x000000008a200000| Untracked 
| 163|0x000000008a300000, 0x000000008a400000, 0x000000008a400000|100%| O|  |TAMS 0x000000008a400000, 0x000000008a300000| Untracked 
| 164|0x000000008a400000, 0x000000008a500000, 0x000000008a500000|100%| O|  |TAMS 0x000000008a500000, 0x000000008a400000| Untracked 
| 165|0x000000008a500000, 0x000000008a600000, 0x000000008a600000|100%| O|  |TAMS 0x000000008a600000, 0x000000008a500000| Untracked 
| 166|0x000000008a600000, 0x000000008a700000, 0x000000008a700000|100%| O|  |TAMS 0x000000008a700000, 0x000000008a600000| Untracked 
| 167|0x000000008a700000, 0x000000008a800000, 0x000000008a800000|100%| O|  |TAMS 0x000000008a800000, 0x000000008a700000| Untracked 
| 168|0x000000008a800000, 0x000000008a900000, 0x000000008a900000|100%| O|  |TAMS 0x000000008a900000, 0x000000008a800000| Untracked 
| 169|0x000000008a900000, 0x000000008a9c3800, 0x000000008aa00000| 76%| O|  |TAMS 0x000000008a9c3800, 0x000000008a900000| Untracked 
| 170|0x000000008aa00000, 0x000000008aa00000, 0x000000008ab00000|  0%| F|  |TAMS 0x000000008aa00000, 0x000000008aa00000| Untracked 
| 171|0x000000008ab00000, 0x000000008ab00000, 0x000000008ac00000|  0%| F|  |TAMS 0x000000008ab00000, 0x000000008ab00000| Untracked 
| 172|0x000000008ac00000, 0x000000008ac00000, 0x000000008ad00000|  0%| F|  |TAMS 0x000000008ac00000, 0x000000008ac00000| Untracked 
| 173|0x000000008ad00000, 0x000000008ad00000, 0x000000008ae00000|  0%| F|  |TAMS 0x000000008ad00000, 0x000000008ad00000| Untracked 
| 174|0x000000008ae00000, 0x000000008ae00000, 0x000000008af00000|  0%| F|  |TAMS 0x000000008ae00000, 0x000000008ae00000| Untracked 
| 175|0x000000008af00000, 0x000000008af00000, 0x000000008b000000|  0%| F|  |TAMS 0x000000008af00000, 0x000000008af00000| Untracked 
| 176|0x000000008b000000, 0x000000008b000000, 0x000000008b100000|  0%| F|  |TAMS 0x000000008b000000, 0x000000008b000000| Untracked 
| 177|0x000000008b100000, 0x000000008b100000, 0x000000008b200000|  0%| F|  |TAMS 0x000000008b100000, 0x000000008b100000| Untracked 
| 178|0x000000008b200000, 0x000000008b200000, 0x000000008b300000|  0%| F|  |TAMS 0x000000008b200000, 0x000000008b200000| Untracked 
| 179|0x000000008b300000, 0x000000008b300000, 0x000000008b400000|  0%| F|  |TAMS 0x000000008b300000, 0x000000008b300000| Untracked 
| 180|0x000000008b400000, 0x000000008b400000, 0x000000008b500000|  0%| F|  |TAMS 0x000000008b400000, 0x000000008b400000| Untracked 
| 181|0x000000008b500000, 0x000000008b500000, 0x000000008b600000|  0%| F|  |TAMS 0x000000008b500000, 0x000000008b500000| Untracked 
| 182|0x000000008b600000, 0x000000008b600000, 0x000000008b700000|  0%| F|  |TAMS 0x000000008b600000, 0x000000008b600000| Untracked 
| 183|0x000000008b700000, 0x000000008b700000, 0x000000008b800000|  0%| F|  |TAMS 0x000000008b700000, 0x000000008b700000| Untracked 
| 184|0x000000008b800000, 0x000000008b800000, 0x000000008b900000|  0%| F|  |TAMS 0x000000008b800000, 0x000000008b800000| Untracked 
| 185|0x000000008b900000, 0x000000008b900000, 0x000000008ba00000|  0%| F|  |TAMS 0x000000008b900000, 0x000000008b900000| Untracked 
| 186|0x000000008ba00000, 0x000000008ba00000, 0x000000008bb00000|  0%| F|  |TAMS 0x000000008ba00000, 0x000000008ba00000| Untracked 
| 187|0x000000008bb00000, 0x000000008bb00000, 0x000000008bc00000|  0%| F|  |TAMS 0x000000008bb00000, 0x000000008bb00000| Untracked 
| 188|0x000000008bc00000, 0x000000008bc00000, 0x000000008bd00000|  0%| F|  |TAMS 0x000000008bc00000, 0x000000008bc00000| Untracked 
| 189|0x000000008bd00000, 0x000000008bd00000, 0x000000008be00000|  0%| F|  |TAMS 0x000000008bd00000, 0x000000008bd00000| Untracked 
| 190|0x000000008be00000, 0x000000008be00000, 0x000000008bf00000|  0%| F|  |TAMS 0x000000008be00000, 0x000000008be00000| Untracked 
| 191|0x000000008bf00000, 0x000000008bf00000, 0x000000008c000000|  0%| F|  |TAMS 0x000000008bf00000, 0x000000008bf00000| Untracked 
| 192|0x000000008c000000, 0x000000008c000000, 0x000000008c100000|  0%| F|  |TAMS 0x000000008c000000, 0x000000008c000000| Untracked 
| 193|0x000000008c100000, 0x000000008c100000, 0x000000008c200000|  0%| F|  |TAMS 0x000000008c100000, 0x000000008c100000| Untracked 
| 194|0x000000008c200000, 0x000000008c200000, 0x000000008c300000|  0%| F|  |TAMS 0x000000008c200000, 0x000000008c200000| Untracked 
| 195|0x000000008c300000, 0x000000008c300000, 0x000000008c400000|  0%| F|  |TAMS 0x000000008c300000, 0x000000008c300000| Untracked 
| 196|0x000000008c400000, 0x000000008c400000, 0x000000008c500000|  0%| F|  |TAMS 0x000000008c400000, 0x000000008c400000| Untracked 
| 197|0x000000008c500000, 0x000000008c500000, 0x000000008c600000|  0%| F|  |TAMS 0x000000008c500000, 0x000000008c500000| Untracked 
| 198|0x000000008c600000, 0x000000008c600000, 0x000000008c700000|  0%| F|  |TAMS 0x000000008c600000, 0x000000008c600000| Untracked 
| 199|0x000000008c700000, 0x000000008c700000, 0x000000008c800000|  0%| F|  |TAMS 0x000000008c700000, 0x000000008c700000| Untracked 
| 200|0x000000008c800000, 0x000000008c800000, 0x000000008c900000|  0%| F|  |TAMS 0x000000008c800000, 0x000000008c800000| Untracked 
| 201|0x000000008c900000, 0x000000008c900000, 0x000000008ca00000|  0%| F|  |TAMS 0x000000008c900000, 0x000000008c900000| Untracked 
| 202|0x000000008ca00000, 0x000000008ca00000, 0x000000008cb00000|  0%| F|  |TAMS 0x000000008ca00000, 0x000000008ca00000| Untracked 
| 203|0x000000008cb00000, 0x000000008cb00000, 0x000000008cc00000|  0%| F|  |TAMS 0x000000008cb00000, 0x000000008cb00000| Untracked 
| 204|0x000000008cc00000, 0x000000008cc00000, 0x000000008cd00000|  0%| F|  |TAMS 0x000000008cc00000, 0x000000008cc00000| Untracked 
| 205|0x000000008cd00000, 0x000000008cd00000, 0x000000008ce00000|  0%| F|  |TAMS 0x000000008cd00000, 0x000000008cd00000| Untracked 
| 206|0x000000008ce00000, 0x000000008ce00000, 0x000000008cf00000|  0%| F|  |TAMS 0x000000008ce00000, 0x000000008ce00000| Untracked 
| 207|0x000000008cf00000, 0x000000008cf00000, 0x000000008d000000|  0%| F|  |TAMS 0x000000008cf00000, 0x000000008cf00000| Untracked 
| 208|0x000000008d000000, 0x000000008d000000, 0x000000008d100000|  0%| F|  |TAMS 0x000000008d000000, 0x000000008d000000| Untracked 
| 209|0x000000008d100000, 0x000000008d17af88, 0x000000008d200000| 48%| E|  |TAMS 0x000000008d100000, 0x000000008d100000| Complete 
| 210|0x000000008d200000, 0x000000008d300000, 0x000000008d300000|100%| E|CS|TAMS 0x000000008d200000, 0x000000008d200000| Complete 
| 211|0x000000008d300000, 0x000000008d3fff98, 0x000000008d400000| 99%| E|  |TAMS 0x000000008d300000, 0x000000008d300000| Complete 
| 212|0x000000008d400000, 0x000000008d500000, 0x000000008d500000|100%| E|CS|TAMS 0x000000008d400000, 0x000000008d400000| Complete 
| 213|0x000000008d500000, 0x000000008d600000, 0x000000008d600000|100%| E|CS|TAMS 0x000000008d500000, 0x000000008d500000| Complete 
| 214|0x000000008d600000, 0x000000008d700000, 0x000000008d700000|100%| E|CS|TAMS 0x000000008d600000, 0x000000008d600000| Complete 
| 215|0x000000008d700000, 0x000000008d800000, 0x000000008d800000|100%| E|CS|TAMS 0x000000008d700000, 0x000000008d700000| Complete 
| 216|0x000000008d800000, 0x000000008d900000, 0x000000008d900000|100%| E|CS|TAMS 0x000000008d800000, 0x000000008d800000| Complete 
| 217|0x000000008d900000, 0x000000008da00000, 0x000000008da00000|100%| E|CS|TAMS 0x000000008d900000, 0x000000008d900000| Complete 
| 218|0x000000008da00000, 0x000000008db00000, 0x000000008db00000|100%| E|CS|TAMS 0x000000008da00000, 0x000000008da00000| Complete 
| 219|0x000000008db00000, 0x000000008dc00000, 0x000000008dc00000|100%| E|CS|TAMS 0x000000008db00000, 0x000000008db00000| Complete 
| 220|0x000000008dc00000, 0x000000008dd00000, 0x000000008dd00000|100%| E|CS|TAMS 0x000000008dc00000, 0x000000008dc00000| Complete 
| 221|0x000000008dd00000, 0x000000008de00000, 0x000000008de00000|100%| E|CS|TAMS 0x000000008dd00000, 0x000000008dd00000| Complete 
| 222|0x000000008de00000, 0x000000008df00000, 0x000000008df00000|100%| E|CS|TAMS 0x000000008de00000, 0x000000008de00000| Complete 
| 223|0x000000008df00000, 0x000000008e000000, 0x000000008e000000|100%| E|CS|TAMS 0x000000008df00000, 0x000000008df00000| Complete 
| 224|0x000000008e000000, 0x000000008e100000, 0x000000008e100000|100%| E|CS|TAMS 0x000000008e000000, 0x000000008e000000| Complete 
| 225|0x000000008e100000, 0x000000008e200000, 0x000000008e200000|100%| E|CS|TAMS 0x000000008e100000, 0x000000008e100000| Complete 
| 226|0x000000008e200000, 0x000000008e300000, 0x000000008e300000|100%| E|CS|TAMS 0x000000008e200000, 0x000000008e200000| Complete 
| 227|0x000000008e300000, 0x000000008e400000, 0x000000008e400000|100%| E|CS|TAMS 0x000000008e300000, 0x000000008e300000| Complete 
| 228|0x000000008e400000, 0x000000008e500000, 0x000000008e500000|100%| E|CS|TAMS 0x000000008e400000, 0x000000008e400000| Complete 
| 229|0x000000008e500000, 0x000000008e600000, 0x000000008e600000|100%| E|CS|TAMS 0x000000008e500000, 0x000000008e500000| Complete 
| 230|0x000000008e600000, 0x000000008e700000, 0x000000008e700000|100%| E|CS|TAMS 0x000000008e600000, 0x000000008e600000| Complete 
| 231|0x000000008e700000, 0x000000008e800000, 0x000000008e800000|100%| E|CS|TAMS 0x000000008e700000, 0x000000008e700000| Complete 
| 232|0x000000008e800000, 0x000000008e900000, 0x000000008e900000|100%| E|CS|TAMS 0x000000008e800000, 0x000000008e800000| Complete 
| 233|0x000000008e900000, 0x000000008ea00000, 0x000000008ea00000|100%| E|CS|TAMS 0x000000008e900000, 0x000000008e900000| Complete 
| 234|0x000000008ea00000, 0x000000008eb00000, 0x000000008eb00000|100%| E|CS|TAMS 0x000000008ea00000, 0x000000008ea00000| Complete 
| 235|0x000000008eb00000, 0x000000008ec00000, 0x000000008ec00000|100%| E|CS|TAMS 0x000000008eb00000, 0x000000008eb00000| Complete 
| 236|0x000000008ec00000, 0x000000008ed00000, 0x000000008ed00000|100%| E|CS|TAMS 0x000000008ec00000, 0x000000008ec00000| Complete 
| 237|0x000000008ed00000, 0x000000008ee00000, 0x000000008ee00000|100%| E|CS|TAMS 0x000000008ed00000, 0x000000008ed00000| Complete 
| 238|0x000000008ee00000, 0x000000008ef00000, 0x000000008ef00000|100%| E|CS|TAMS 0x000000008ee00000, 0x000000008ee00000| Complete 
| 239|0x000000008ef00000, 0x000000008f000000, 0x000000008f000000|100%| E|CS|TAMS 0x000000008ef00000, 0x000000008ef00000| Complete 
| 240|0x000000008f000000, 0x000000008f100000, 0x000000008f100000|100%| E|CS|TAMS 0x000000008f000000, 0x000000008f000000| Complete 
| 241|0x000000008f100000, 0x000000008f200000, 0x000000008f200000|100%| E|CS|TAMS 0x000000008f100000, 0x000000008f100000| Complete 
| 242|0x000000008f200000, 0x000000008f2ffff8, 0x000000008f300000| 99%| E|CS|TAMS 0x000000008f200000, 0x000000008f200000| Complete 
| 243|0x000000008f300000, 0x000000008f400000, 0x000000008f400000|100%| E|CS|TAMS 0x000000008f300000, 0x000000008f300000| Complete 
| 244|0x000000008f400000, 0x000000008f500000, 0x000000008f500000|100%| E|CS|TAMS 0x000000008f400000, 0x000000008f400000| Complete 
| 245|0x000000008f500000, 0x000000008f600000, 0x000000008f600000|100%| E|CS|TAMS 0x000000008f500000, 0x000000008f500000| Complete 
| 246|0x000000008f600000, 0x000000008f700000, 0x000000008f700000|100%| E|CS|TAMS 0x000000008f600000, 0x000000008f600000| Complete 
| 247|0x000000008f700000, 0x000000008f800000, 0x000000008f800000|100%| E|CS|TAMS 0x000000008f700000, 0x000000008f700000| Complete 
| 248|0x000000008f800000, 0x000000008f900000, 0x000000008f900000|100%| E|CS|TAMS 0x000000008f800000, 0x000000008f800000| Complete 
| 249|0x000000008f900000, 0x000000008fa00000, 0x000000008fa00000|100%| E|CS|TAMS 0x000000008f900000, 0x000000008f900000| Complete 
| 250|0x000000008fa00000, 0x000000008fab5740, 0x000000008fb00000| 70%| S|CS|TAMS 0x000000008fa00000, 0x000000008fa00000| Complete 
| 251|0x000000008fb00000, 0x000000008fc00000, 0x000000008fc00000|100%| S|CS|TAMS 0x000000008fb00000, 0x000000008fb00000| Complete 
| 252|0x000000008fc00000, 0x000000008fd00000, 0x000000008fd00000|100%| S|CS|TAMS 0x000000008fc00000, 0x000000008fc00000| Complete 
| 253|0x000000008fd00000, 0x000000008fe00000, 0x000000008fe00000|100%| S|CS|TAMS 0x000000008fd00000, 0x000000008fd00000| Complete 
| 254|0x000000008fe00000, 0x000000008ff00000, 0x000000008ff00000|100%| S|CS|TAMS 0x000000008fe00000, 0x000000008fe00000| Complete 
| 255|0x000000008ff00000, 0x0000000090000000, 0x0000000090000000|100%| E|CS|TAMS 0x000000008ff00000, 0x000000008ff00000| Complete 
| 256|0x0000000090000000, 0x0000000090100000, 0x0000000090100000|100%| E|CS|TAMS 0x0000000090000000, 0x0000000090000000| Complete 
| 257|0x0000000090100000, 0x0000000090200000, 0x0000000090200000|100%| E|CS|TAMS 0x0000000090100000, 0x0000000090100000| Complete 
| 258|0x0000000090200000, 0x0000000090300000, 0x0000000090300000|100%| E|CS|TAMS 0x0000000090200000, 0x0000000090200000| Complete 
| 259|0x0000000090300000, 0x0000000090400000, 0x0000000090400000|100%| E|CS|TAMS 0x0000000090300000, 0x0000000090300000| Complete 
| 260|0x0000000090400000, 0x0000000090500000, 0x0000000090500000|100%| E|CS|TAMS 0x0000000090400000, 0x0000000090400000| Complete 
| 261|0x0000000090500000, 0x0000000090600000, 0x0000000090600000|100%| E|CS|TAMS 0x0000000090500000, 0x0000000090500000| Complete 
| 262|0x0000000090600000, 0x0000000090700000, 0x0000000090700000|100%| E|CS|TAMS 0x0000000090600000, 0x0000000090600000| Complete 
| 263|0x0000000090700000, 0x0000000090800000, 0x0000000090800000|100%| E|CS|TAMS 0x0000000090700000, 0x0000000090700000| Complete 
| 264|0x0000000090800000, 0x0000000090900000, 0x0000000090900000|100%| E|CS|TAMS 0x0000000090800000, 0x0000000090800000| Complete 
| 265|0x0000000090900000, 0x0000000090a00000, 0x0000000090a00000|100%| E|CS|TAMS 0x0000000090900000, 0x0000000090900000| Complete 
| 266|0x0000000090a00000, 0x0000000090b00000, 0x0000000090b00000|100%| E|CS|TAMS 0x0000000090a00000, 0x0000000090a00000| Complete 
| 267|0x0000000090b00000, 0x0000000090c00000, 0x0000000090c00000|100%| E|CS|TAMS 0x0000000090b00000, 0x0000000090b00000| Complete 
| 268|0x0000000090c00000, 0x0000000090d00000, 0x0000000090d00000|100%| E|CS|TAMS 0x0000000090c00000, 0x0000000090c00000| Complete 
| 269|0x0000000090d00000, 0x0000000090e00000, 0x0000000090e00000|100%| E|CS|TAMS 0x0000000090d00000, 0x0000000090d00000| Complete 
| 270|0x0000000090e00000, 0x0000000090f00000, 0x0000000090f00000|100%| E|CS|TAMS 0x0000000090e00000, 0x0000000090e00000| Complete 
| 271|0x0000000090f00000, 0x0000000091000000, 0x0000000091000000|100%| E|CS|TAMS 0x0000000090f00000, 0x0000000090f00000| Complete 
| 272|0x0000000091000000, 0x0000000091100000, 0x0000000091100000|100%| E|CS|TAMS 0x0000000091000000, 0x0000000091000000| Complete 
| 273|0x0000000091100000, 0x0000000091200000, 0x0000000091200000|100%| E|CS|TAMS 0x0000000091100000, 0x0000000091100000| Complete 
| 274|0x0000000091200000, 0x0000000091300000, 0x0000000091300000|100%| E|CS|TAMS 0x0000000091200000, 0x0000000091200000| Complete 
| 275|0x0000000091300000, 0x00000000913ffff8, 0x0000000091400000| 99%| E|CS|TAMS 0x0000000091300000, 0x0000000091300000| Complete 
| 276|0x0000000091400000, 0x0000000091500000, 0x0000000091500000|100%| E|CS|TAMS 0x0000000091400000, 0x0000000091400000| Complete 
| 277|0x0000000091500000, 0x0000000091600000, 0x0000000091600000|100%| E|CS|TAMS 0x0000000091500000, 0x0000000091500000| Complete 
| 278|0x0000000091600000, 0x0000000091700000, 0x0000000091700000|100%| E|CS|TAMS 0x0000000091600000, 0x0000000091600000| Complete 
| 279|0x0000000091700000, 0x0000000091800000, 0x0000000091800000|100%| E|CS|TAMS 0x0000000091700000, 0x0000000091700000| Complete 
| 280|0x0000000091800000, 0x0000000091900000, 0x0000000091900000|100%| E|CS|TAMS 0x0000000091800000, 0x0000000091800000| Complete 
| 281|0x0000000091900000, 0x0000000091a00000, 0x0000000091a00000|100%| E|CS|TAMS 0x0000000091900000, 0x0000000091900000| Complete 
| 282|0x0000000091a00000, 0x0000000091b00000, 0x0000000091b00000|100%| E|CS|TAMS 0x0000000091a00000, 0x0000000091a00000| Complete 
| 283|0x0000000091b00000, 0x0000000091c00000, 0x0000000091c00000|100%| E|CS|TAMS 0x0000000091b00000, 0x0000000091b00000| Complete 
| 284|0x0000000091c00000, 0x0000000091d00000, 0x0000000091d00000|100%| E|CS|TAMS 0x0000000091c00000, 0x0000000091c00000| Complete 
| 285|0x0000000091d00000, 0x0000000091e00000, 0x0000000091e00000|100%| E|CS|TAMS 0x0000000091d00000, 0x0000000091d00000| Complete 
| 286|0x0000000091e00000, 0x0000000091f00000, 0x0000000091f00000|100%| E|CS|TAMS 0x0000000091e00000, 0x0000000091e00000| Complete 
| 287|0x0000000091f00000, 0x0000000092000000, 0x0000000092000000|100%| E|CS|TAMS 0x0000000091f00000, 0x0000000091f00000| Complete 
| 288|0x0000000092000000, 0x0000000092100000, 0x0000000092100000|100%| E|CS|TAMS 0x0000000092000000, 0x0000000092000000| Complete 
| 289|0x0000000092100000, 0x0000000092200000, 0x0000000092200000|100%| E|CS|TAMS 0x0000000092100000, 0x0000000092100000| Complete 
| 290|0x0000000092200000, 0x0000000092300000, 0x0000000092300000|100%| E|CS|TAMS 0x0000000092200000, 0x0000000092200000| Complete 
| 291|0x0000000092300000, 0x0000000092400000, 0x0000000092400000|100%| E|CS|TAMS 0x0000000092300000, 0x0000000092300000| Complete 
| 292|0x0000000092400000, 0x0000000092500000, 0x0000000092500000|100%| E|CS|TAMS 0x0000000092400000, 0x0000000092400000| Complete 
| 293|0x0000000092500000, 0x0000000092600000, 0x0000000092600000|100%| E|CS|TAMS 0x0000000092500000, 0x0000000092500000| Complete 
| 294|0x0000000092600000, 0x0000000092700000, 0x0000000092700000|100%| E|CS|TAMS 0x0000000092600000, 0x0000000092600000| Complete 
| 295|0x0000000092700000, 0x0000000092800000, 0x0000000092800000|100%| E|CS|TAMS 0x0000000092700000, 0x0000000092700000| Complete 
| 296|0x0000000092800000, 0x0000000092900000, 0x0000000092900000|100%| E|CS|TAMS 0x0000000092800000, 0x0000000092800000| Complete 
| 297|0x0000000092900000, 0x0000000092a00000, 0x0000000092a00000|100%| E|CS|TAMS 0x0000000092900000, 0x0000000092900000| Complete 
| 298|0x0000000092a00000, 0x0000000092b00000, 0x0000000092b00000|100%| E|CS|TAMS 0x0000000092a00000, 0x0000000092a00000| Complete 
| 299|0x0000000092b00000, 0x0000000092c00000, 0x0000000092c00000|100%| E|CS|TAMS 0x0000000092b00000, 0x0000000092b00000| Complete 
| 300|0x0000000092c00000, 0x0000000092d00000, 0x0000000092d00000|100%| E|CS|TAMS 0x0000000092c00000, 0x0000000092c00000| Complete 
| 301|0x0000000092d00000, 0x0000000092e00000, 0x0000000092e00000|100%| E|CS|TAMS 0x0000000092d00000, 0x0000000092d00000| Complete 
| 302|0x0000000092e00000, 0x0000000092f00000, 0x0000000092f00000|100%| E|CS|TAMS 0x0000000092e00000, 0x0000000092e00000| Complete 
| 303|0x0000000092f00000, 0x0000000093000000, 0x0000000093000000|100%| E|CS|TAMS 0x0000000092f00000, 0x0000000092f00000| Complete 
| 304|0x0000000093000000, 0x0000000093100000, 0x0000000093100000|100%| E|CS|TAMS 0x0000000093000000, 0x0000000093000000| Complete 
| 305|0x0000000093100000, 0x0000000093200000, 0x0000000093200000|100%| E|CS|TAMS 0x0000000093100000, 0x0000000093100000| Complete 
| 306|0x0000000093200000, 0x0000000093300000, 0x0000000093300000|100%| E|CS|TAMS 0x0000000093200000, 0x0000000093200000| Complete 
| 307|0x0000000093300000, 0x0000000093400000, 0x0000000093400000|100%| E|CS|TAMS 0x0000000093300000, 0x0000000093300000| Complete 

Card table byte_map: [0x0000024bff0c0000,0x0000024bff4c0000] _byte_map_base: 0x0000024bfecc0000

Marking Bits (Prev, Next): (CMBitMap*) 0x0000024be8648bc8, (CMBitMap*) 0x0000024be8648c00
 Prev Bits: [0x0000024b80000000, 0x0000024b82000000)
 Next Bits: [0x0000024b82000000, 0x0000024b84000000)

Polling page: 0x0000024be7df0000

Metaspace:

Usage:
  Non-class:    112.12 MB capacity,   109.94 MB ( 98%) used,     1.79 MB (  2%) free+waste,   394.31 KB ( <1%) overhead. 
      Class:     17.28 MB capacity,    15.89 MB ( 92%) used,     1.20 MB (  7%) free+waste,   183.88 KB (  1%) overhead. 
       Both:    129.39 MB capacity,   125.83 MB ( 97%) used,     3.00 MB (  2%) free+waste,   578.19 KB ( <1%) overhead. 

Virtual space:
  Non-class space:      114.00 MB reserved,     112.17 MB ( 98%) committed 
      Class space:      504.00 MB reserved,      17.32 MB (  3%) committed 
             Both:      618.00 MB reserved,     129.49 MB ( 21%) committed 

Chunk freelists:
   Non-Class:  6.75 KB
       Class:  512 bytes
        Both:  7.25 KB

CodeHeap 'non-profiled nmethods': size=120064Kb used=11103Kb max_used=11103Kb free=108960Kb
 bounds [0x0000024bf7780000, 0x0000024bf8260000, 0x0000024bfecc0000]
CodeHeap 'profiled nmethods': size=120000Kb used=40233Kb max_used=40495Kb free=79766Kb
 bounds [0x0000024bf0250000, 0x0000024bf2a20000, 0x0000024bf7780000]
CodeHeap 'non-nmethods': size=5696Kb used=2383Kb max_used=2433Kb free=3312Kb
 bounds [0x0000024befcc0000, 0x0000024beff40000, 0x0000024bf0250000]
 total_blobs=19249 nmethods=18230 adapters=928
 compilation: enabled
              stopped_count=0, restarted_count=0
 full_count=0

Compilation events (10 events):
Event: 196.205 Thread 0x0000024b86850000 nmethod 20192 0x0000024bf154e510 code [0x0000024bf154e760, 0x0000024bf154f248]
Event: 196.205 Thread 0x0000024b86850000 20191       3       com.android.tools.r8.graph.j0$m::h (64 bytes)
Event: 196.206 Thread 0x0000024b86850000 nmethod 20191 0x0000024bf154d610 code [0x0000024bf154d880, 0x0000024bf154e1f8]
Event: 196.206 Thread 0x0000024b86850000 20190       3       com.android.tools.r8.internal.E9::k (46 bytes)
Event: 196.208 Thread 0x0000024b86850000 nmethod 20190 0x0000024bf1551b10 code [0x0000024bf1551d60, 0x0000024bf1552558]
Event: 196.252 Thread 0x0000024b86850000 20193       3       java.util.ArrayDeque::remove (5 bytes)
Event: 196.253 Thread 0x0000024b86850000 nmethod 20193 0x0000024bf154d090 code [0x0000024bf154d260, 0x0000024bf154d4f8]
Event: 196.317 Thread 0x0000024b86850000 20194       3       com.android.tools.r8.internal.Zv::b (28 bytes)
Event: 196.320 Thread 0x0000024b86850000 nmethod 20194 0x0000024bf1551590 code [0x0000024bf1551740, 0x0000024bf1551998]
Event: 196.327 Thread 0x0000024b86850000 20196       3       com.android.tools.r8.graph.B0$b::a (222 bytes)

GC Heap History (10 events):
Event: 186.799 GC heap before
{Heap before GC invocations=61 (full 0):
 garbage-first heap   total 315392K, used 258621K [0x0000000080000000, 0x0000000100000000)
  region size 1024K, 99 young (101376K), 8 survivors (8192K)
 Metaspace       used 124437K, capacity 128045K, committed 128120K, reserved 628736K
  class space    used 15693K, capacity 17054K, committed 17100K, reserved 516096K
}
Event: 186.815 GC heap after
{Heap after GC invocations=62 (full 0):
 garbage-first heap   total 315392K, used 164069K [0x0000000080000000, 0x0000000100000000)
  region size 1024K, 2 young (2048K), 2 survivors (2048K)
 Metaspace       used 124437K, capacity 128045K, committed 128120K, reserved 628736K
  class space    used 15693K, capacity 17054K, committed 17100K, reserved 516096K
}
Event: 187.076 GC heap before
{Heap before GC invocations=62 (full 0):
 garbage-first heap   total 315392K, used 177381K [0x0000000080000000, 0x0000000100000000)
  region size 1024K, 15 young (15360K), 2 survivors (2048K)
 Metaspace       used 124437K, capacity 128045K, committed 128120K, reserved 628736K
  class space    used 15693K, capacity 17054K, committed 17100K, reserved 516096K
}
Event: 187.276 GC heap after
{Heap after GC invocations=63 (full 0):
 garbage-first heap   total 315392K, used 150286K [0x0000000080000000, 0x0000000100000000)
  region size 1024K, 1 young (1024K), 1 survivors (1024K)
 Metaspace       used 124437K, capacity 128045K, committed 128120K, reserved 628736K
  class space    used 15693K, capacity 17054K, committed 17100K, reserved 516096K
}
Event: 189.193 GC heap before
{Heap before GC invocations=63 (full 0):
 garbage-first heap   total 315392K, used 256782K [0x0000000080000000, 0x0000000100000000)
  region size 1024K, 104 young (106496K), 1 survivors (1024K)
 Metaspace       used 124496K, capacity 128073K, committed 128120K, reserved 628736K
  class space    used 15699K, capacity 17062K, committed 17100K, reserved 516096K
}
Event: 189.208 GC heap after
{Heap after GC invocations=64 (full 0):
 garbage-first heap   total 315392K, used 151880K [0x0000000080000000, 0x0000000100000000)
  region size 1024K, 3 young (3072K), 3 survivors (3072K)
 Metaspace       used 124496K, capacity 128073K, committed 128120K, reserved 628736K
  class space    used 15699K, capacity 17062K, committed 17100K, reserved 516096K
}
Event: 190.749 GC heap before
{Heap before GC invocations=64 (full 0):
 garbage-first heap   total 315392K, used 258376K [0x0000000080000000, 0x0000000100000000)
  region size 1024K, 107 young (109568K), 3 survivors (3072K)
 Metaspace       used 124764K, capacity 128300K, committed 128504K, reserved 628736K
  class space    used 15733K, capacity 17095K, committed 17228K, reserved 516096K
}
Event: 190.756 GC heap after
{Heap after GC invocations=65 (full 0):
 garbage-first heap   total 315392K, used 153861K [0x0000000080000000, 0x0000000100000000)
  region size 1024K, 5 young (5120K), 5 survivors (5120K)
 Metaspace       used 124764K, capacity 128300K, committed 128504K, reserved 628736K
  class space    used 15733K, capacity 17095K, committed 17228K, reserved 516096K
}
Event: 192.539 GC heap before
{Heap before GC invocations=65 (full 0):
 garbage-first heap   total 315392K, used 206085K [0x0000000080000000, 0x0000000100000000)
  region size 1024K, 58 young (59392K), 5 survivors (5120K)
 Metaspace       used 125439K, capacity 128997K, committed 129272K, reserved 628736K
  class space    used 15806K, capacity 17200K, committed 17228K, reserved 516096K
}
Event: 192.558 GC heap after
{Heap after GC invocations=66 (full 0):
 garbage-first heap   total 315392K, used 152035K [0x0000000080000000, 0x0000000100000000)
  region size 1024K, 5 young (5120K), 5 survivors (5120K)
 Metaspace       used 125439K, capacity 128997K, committed 129272K, reserved 628736K
  class space    used 15806K, capacity 17200K, committed 17228K, reserved 516096K
}

Deoptimization events (10 events):
Event: 195.057 Thread 0x0000024b8ada2000 Uncommon trap: reason=profile_predicate action=maybe_recompile pc=0x0000024bf7e5a0cc method=com.android.tools.r8.graph.c0.a(Ljava/lang/String;)[B @ 9 c2
Event: 195.057 Thread 0x0000024b8ada2000 Uncommon trap: reason=profile_predicate action=maybe_recompile pc=0x0000024bf7e5a0cc method=com.android.tools.r8.graph.c0.a(Ljava/lang/String;)[B @ 9 c2
Event: 195.057 Thread 0x0000024b890a9000 Uncommon trap: reason=profile_predicate action=maybe_recompile pc=0x0000024bf7e5a0cc method=com.android.tools.r8.graph.c0.a(Ljava/lang/String;)[B @ 9 c2
Event: 195.345 Thread 0x0000024b8ada2000 Uncommon trap: reason=profile_predicate action=maybe_recompile pc=0x0000024bf8247f04 method=com.android.tools.r8.graph.c0.a(Ljava/lang/String;)[B @ 63 c2
Event: 195.345 Thread 0x0000024b8ada2000 Uncommon trap: reason=profile_predicate action=maybe_recompile pc=0x0000024bf8247f04 method=com.android.tools.r8.graph.c0.a(Ljava/lang/String;)[B @ 63 c2
Event: 195.548 Thread 0x0000024b88f1d000 Uncommon trap: reason=unstable_if action=reinterpret pc=0x0000024bf824a610 method=com.android.tools.r8.internal.Ye.d(I)Z @ 45 c2
Event: 195.868 Thread 0x0000024b88f1d000 Uncommon trap: reason=profile_predicate action=maybe_recompile pc=0x0000024bf8257140 method=com.android.tools.r8.internal.E9.d(Ljava/lang/String;)I @ 40 c2
Event: 195.871 Thread 0x0000024b88f1d000 Uncommon trap: reason=profile_predicate action=maybe_recompile pc=0x0000024bf8257140 method=com.android.tools.r8.internal.E9.d(Ljava/lang/String;)I @ 40 c2
Event: 195.872 Thread 0x0000024b88f1d000 Uncommon trap: reason=profile_predicate action=maybe_recompile pc=0x0000024bf8257140 method=com.android.tools.r8.internal.E9.d(Ljava/lang/String;)I @ 40 c2
Event: 195.873 Thread 0x0000024b88f1d000 Uncommon trap: reason=profile_predicate action=maybe_recompile pc=0x0000024bf8257140 method=com.android.tools.r8.internal.E9.d(Ljava/lang/String;)I @ 40 c2

Classes redefined (0 events):
No events

Internal exceptions (10 events):
Event: 182.787 Thread 0x0000024b890ae000 Exception <a 'sun/nio/fs/WindowsException'{0x000000008e697578}> (0x000000008e697578) thrown at [./open/src/hotspot/share/prims/jni.cpp, line 611]
Event: 191.668 Thread 0x0000024b8eb71000 Exception <a 'sun/nio/fs/WindowsException'{0x00000000915bb430}> (0x00000000915bb430) thrown at [./open/src/hotspot/share/prims/jni.cpp, line 611]
Event: 191.671 Thread 0x0000024b8eb71000 Exception <a 'sun/nio/fs/WindowsException'{0x00000000915d2768}> (0x00000000915d2768) thrown at [./open/src/hotspot/share/prims/jni.cpp, line 611]
Event: 191.671 Thread 0x0000024b8eb71000 Exception <a 'sun/nio/fs/WindowsException'{0x00000000915d2bd8}> (0x00000000915d2bd8) thrown at [./open/src/hotspot/share/prims/jni.cpp, line 611]
Event: 193.889 Thread 0x0000024b8ada2000 Exception <a 'sun/nio/fs/WindowsException'{0x00000000910106b8}> (0x00000000910106b8) thrown at [./open/src/hotspot/share/prims/jni.cpp, line 611]
Event: 194.169 Thread 0x0000024b88f1d000 Exception <a 'sun/nio/fs/WindowsException'{0x00000000902ff8b0}> (0x00000000902ff8b0) thrown at [./open/src/hotspot/share/prims/jni.cpp, line 611]
Event: 194.454 Thread 0x0000024b890a9000 Exception <a 'sun/nio/fs/WindowsException'{0x000000008f45ade8}> (0x000000008f45ade8) thrown at [./open/src/hotspot/share/prims/jni.cpp, line 611]
Event: 194.907 Thread 0x0000024b8ada2000 Exception <a 'java/lang/NoSuchMethodError'{0x000000008e82d428}: java.lang.invoke.DirectMethodHandle$Holder.invokeStatic(Ljava/lang/Object;Ljava/lang/Object;Ljava/lang/Object;Ljava/lang/Object;Ljava/lang/Object;Ljava/lang/Object;Ljava/lang/Object;Ljava/lan
Event: 194.908 Thread 0x0000024b8ada2000 Exception <a 'java/lang/NoSuchMethodError'{0x000000008e837de8}: java.lang.invoke.DirectMethodHandle$Holder.invokeStaticInit(Ljava/lang/Object;Ljava/lang/Object;Ljava/lang/Object;Ljava/lang/Object;Ljava/lang/Object;Ljava/lang/Object;Ljava/lang/Object;Ljava
Event: 195.037 Thread 0x0000024b890a9000 Exception <a 'java/lang/IncompatibleClassChangeError'{0x000000008e74bd08}: Found class java.lang.Object, but interface was expected> (0x000000008e74bd08) thrown at [./open/src/hotspot/share/interpreter/linkResolver.cpp, line 838]

Events (10 events):
Event: 196.242 loading class com/android/tools/r8/graph/e$a
Event: 196.242 loading class com/android/tools/r8/graph/e$a done
Event: 196.242 loading class com/android/tools/r8/internal/T0
Event: 196.242 loading class com/android/tools/r8/internal/T0 done
Event: 196.246 loading class com/android/tools/r8/internal/AC
Event: 196.246 loading class com/android/tools/r8/internal/AC done
Event: 196.251 loading class com/android/tools/r8/internal/EC
Event: 196.251 loading class com/android/tools/r8/internal/EC done
Event: 196.257 loading class com/android/tools/r8/internal/DC
Event: 196.257 loading class com/android/tools/r8/internal/DC done


Dynamic libraries:
0x00007ff68f180000 - 0x00007ff68f18f000 	C:\Program Files\Java\jdk-11.0.15\bin\java.exe
0x00007ffa882f0000 - 0x00007ffa884e5000 	C:\WINDOWS\SYSTEM32\ntdll.dll
0x00007ffa86340000 - 0x00007ffa863fd000 	C:\WINDOWS\System32\KERNEL32.DLL
0x00007ffa85a00000 - 0x00007ffa85ccd000 	C:\WINDOWS\System32\KERNELBASE.dll
0x00007ffa85de0000 - 0x00007ffa85ee0000 	C:\WINDOWS\System32\ucrtbase.dll
0x00007ffa79300000 - 0x00007ffa79318000 	C:\Program Files\Java\jdk-11.0.15\bin\jli.dll
0x00007ffa86bb0000 - 0x00007ffa86c5e000 	C:\WINDOWS\System32\ADVAPI32.dll
0x00007ffa88100000 - 0x00007ffa8819e000 	C:\WINDOWS\System32\msvcrt.dll
0x00007ffa86cc0000 - 0x00007ffa86d5c000 	C:\WINDOWS\System32\sechost.dll
0x00007ffa871c0000 - 0x00007ffa872e5000 	C:\WINDOWS\System32\RPCRT4.dll
0x00007ffa86580000 - 0x00007ffa86720000 	C:\WINDOWS\System32\USER32.dll
0x00007ffa86310000 - 0x00007ffa86332000 	C:\WINDOWS\System32\win32u.dll
0x00007ffa872f0000 - 0x00007ffa8731a000 	C:\WINDOWS\System32\GDI32.dll
0x00007ffa85f70000 - 0x00007ffa8607b000 	C:\WINDOWS\System32\gdi32full.dll
0x00007ffa85cd0000 - 0x00007ffa85d6d000 	C:\WINDOWS\System32\msvcp_win.dll
0x00007ffa792e0000 - 0x00007ffa792f5000 	C:\Program Files\Java\jdk-11.0.15\bin\VCRUNTIME140.dll
0x00007ffa78ca0000 - 0x00007ffa78f3a000 	C:\WINDOWS\WinSxS\amd64_microsoft.windows.common-controls_6595b64144ccf1df_6.0.19041.1110_none_60b5254171f9507e\COMCTL32.dll
0x00007ffa7ae10000 - 0x00007ffa7ae1a000 	C:\WINDOWS\SYSTEM32\VERSION.dll
0x00007ffa87790000 - 0x00007ffa877c0000 	C:\WINDOWS\System32\IMM32.DLL
0x00007ffa660f0000 - 0x00007ffa6618b000 	C:\Program Files\Java\jdk-11.0.15\bin\msvcp140.dll
0x00007ffa4b850000 - 0x00007ffa4c366000 	C:\Program Files\Java\jdk-11.0.15\bin\server\jvm.dll
0x00007ffa874a0000 - 0x00007ffa874a8000 	C:\WINDOWS\System32\PSAPI.DLL
0x00007ffa7fac0000 - 0x00007ffa7fac9000 	C:\WINDOWS\SYSTEM32\WSOCK32.dll
0x00007ffa86d70000 - 0x00007ffa86ddb000 	C:\WINDOWS\System32\WS2_32.dll
0x00007ffa7ad70000 - 0x00007ffa7ad97000 	C:\WINDOWS\SYSTEM32\WINMM.dll
0x00007ffa83900000 - 0x00007ffa83912000 	C:\WINDOWS\SYSTEM32\kernel.appcore.dll
0x00007ffa7f8e0000 - 0x00007ffa7f8f0000 	C:\Program Files\Java\jdk-11.0.15\bin\verify.dll
0x00007ffa7b2d0000 - 0x00007ffa7b4b4000 	C:\WINDOWS\SYSTEM32\DBGHELP.DLL
0x00007ffa7b2a0000 - 0x00007ffa7b2cc000 	C:\WINDOWS\SYSTEM32\dbgcore.DLL
0x00007ffa85ee0000 - 0x00007ffa85f62000 	C:\WINDOWS\System32\bcryptPrimitives.dll
0x00007ffa78f40000 - 0x00007ffa78f68000 	C:\Program Files\Java\jdk-11.0.15\bin\java.dll
0x00007ffa7f370000 - 0x00007ffa7f37a000 	C:\Program Files\Java\jdk-11.0.15\bin\jimage.dll
0x00007ffa79200000 - 0x00007ffa79216000 	C:\Program Files\Java\jdk-11.0.15\bin\zip.dll
0x00007ffa87930000 - 0x00007ffa88074000 	C:\WINDOWS\System32\SHELL32.dll
0x00007ffa83b00000 - 0x00007ffa84294000 	C:\WINDOWS\SYSTEM32\windows.storage.dll
0x00007ffa86de0000 - 0x00007ffa87134000 	C:\WINDOWS\System32\combase.dll
0x00007ffa85460000 - 0x00007ffa8548c000 	C:\WINDOWS\SYSTEM32\Wldp.dll
0x00007ffa86400000 - 0x00007ffa864ad000 	C:\WINDOWS\System32\SHCORE.dll
0x00007ffa87440000 - 0x00007ffa87495000 	C:\WINDOWS\System32\shlwapi.dll
0x00007ffa85940000 - 0x00007ffa8595f000 	C:\WINDOWS\SYSTEM32\profapi.dll
0x00007ffa776a0000 - 0x00007ffa776b9000 	C:\Program Files\Java\jdk-11.0.15\bin\net.dll
0x00007ffa788e0000 - 0x00007ffa789ea000 	C:\WINDOWS\SYSTEM32\WINHTTP.dll
0x00007ffa85150000 - 0x00007ffa851ba000 	C:\WINDOWS\system32\mswsock.dll
0x00007ffa77680000 - 0x00007ffa77692000 	C:\Program Files\Java\jdk-11.0.15\bin\nio.dll
0x00007ffa7a340000 - 0x00007ffa7a367000 	C:\Users\jahan\.gradle\native\e1d6ef7f7dcc3fd88c89a11ec53ec762bb8ba0a96d01ffa2cd45eb1d1d8dd5c5\windows-amd64\native-platform.dll
0x00007ffa5ab00000 - 0x00007ffa5ac44000 	C:\Users\jahan\.gradle\native\5664cfc778a61ccfe75a443a1ab52a65af34e5dc3c78e0209fed803814484fcb\windows-amd64\native-platform-file-events.dll
0x00007ffa7a9a0000 - 0x00007ffa7a9a9000 	C:\Program Files\Java\jdk-11.0.15\bin\management.dll
0x00007ffa7a650000 - 0x00007ffa7a65b000 	C:\Program Files\Java\jdk-11.0.15\bin\management_ext.dll
0x00007ffa853c0000 - 0x00007ffa853d8000 	C:\WINDOWS\SYSTEM32\CRYPTSP.dll
0x00007ffa84a70000 - 0x00007ffa84aa4000 	C:\WINDOWS\system32\rsaenh.dll
0x00007ffa862e0000 - 0x00007ffa86307000 	C:\WINDOWS\System32\bcrypt.dll
0x00007ffa85900000 - 0x00007ffa8592e000 	C:\WINDOWS\SYSTEM32\USERENV.dll
0x00007ffa853b0000 - 0x00007ffa853bc000 	C:\WINDOWS\SYSTEM32\CRYPTBASE.dll
0x00007ffa84e40000 - 0x00007ffa84e7b000 	C:\WINDOWS\SYSTEM32\IPHLPAPI.DLL
0x00007ffa86d60000 - 0x00007ffa86d68000 	C:\WINDOWS\System32\NSI.dll
0x00007ffa7ade0000 - 0x00007ffa7adf7000 	C:\WINDOWS\SYSTEM32\dhcpcsvc6.DLL
0x00007ffa7af20000 - 0x00007ffa7af3d000 	C:\WINDOWS\SYSTEM32\dhcpcsvc.DLL
0x00007ffa84e80000 - 0x00007ffa84f4b000 	C:\WINDOWS\SYSTEM32\DNSAPI.dll
0x00007ffa7f160000 - 0x00007ffa7f167000 	C:\Program Files\Java\jdk-11.0.15\bin\rmi.dll
0x00007ffa84700000 - 0x00007ffa84733000 	C:\WINDOWS\SYSTEM32\ntmarta.dll

dbghelp: loaded successfully - version: 4.0.5 - missing functions: none
symbol engine: initialized successfully - sym options: 0x614 - pdb path: .;C:\Program Files\Java\jdk-11.0.15\bin;C:\WINDOWS\SYSTEM32;C:\WINDOWS\WinSxS\amd64_microsoft.windows.common-controls_6595b64144ccf1df_6.0.19041.1110_none_60b5254171f9507e;C:\Program Files\Java\jdk-11.0.15\bin\server;C:\Users\jahan\.gradle\native\e1d6ef7f7dcc3fd88c89a11ec53ec762bb8ba0a96d01ffa2cd45eb1d1d8dd5c5\windows-amd64;C:\Users\jahan\.gradle\native\5664cfc778a61ccfe75a443a1ab52a65af34e5dc3c78e0209fed803814484fcb\windows-amd64

VM Arguments:
jvm_args: -XX:MaxMetaspaceSize=512m --add-opens=java.base/java.util=ALL-UNNAMED --add-opens=java.base/java.lang=ALL-UNNAMED --add-opens=java.base/java.lang.invoke=ALL-UNNAMED --add-opens=java.base/java.util=ALL-UNNAMED --add-opens=java.prefs/java.util.prefs=ALL-UNNAMED --add-opens=java.prefs/java.util.prefs=ALL-UNNAMED --add-opens=java.base/java.nio.charset=ALL-UNNAMED --add-opens=java.base/java.net=ALL-UNNAMED --add-opens=java.base/java.util.concurrent.atomic=ALL-UNNAMED -Xmx2048m -Dfile.encoding=windows-1252 -Duser.country=US -Duser.language=en -Duser.variant 
java_command: org.gradle.launcher.daemon.bootstrap.GradleDaemon 7.3.3
java_class_path (initial): C:\Users\jahan\.gradle\wrapper\dists\gradle-7.3.3-all\4295vidhdd9hd3gbjyw1xqxpo\gradle-7.3.3\lib\gradle-launcher-7.3.3.jar
Launcher Type: SUN_STANDARD

[Global flags]
     intx CICompilerCount                          = 3                                         {product} {ergonomic}
   size_t CompressedClassSpaceSize                 = 528482304                                 {product} {ergonomic}
     uint ConcGCThreads                            = 1                                         {product} {ergonomic}
     uint G1ConcRefinementThreads                  = 4                                         {product} {ergonomic}
   size_t G1HeapRegionSize                         = 1048576                                   {product} {ergonomic}
    uintx GCDrainStackTargetSize                   = 64                                        {product} {ergonomic}
   size_t InitialHeapSize                          = 134217728                                 {product} {ergonomic}
   size_t MarkStackSize                            = 4194304                                   {product} {ergonomic}
   size_t MaxHeapSize                              = 2147483648                                {product} {command line}
   size_t MaxMetaspaceSize                         = 536870912                                 {product} {command line}
   size_t MaxNewSize                               = 1287651328                                {product} {ergonomic}
   size_t MinHeapDeltaBytes                        = 1048576                                   {product} {ergonomic}
    uintx NonNMethodCodeHeapSize                   = 5830732                                {pd product} {ergonomic}
    uintx NonProfiledCodeHeapSize                  = 122913754                              {pd product} {ergonomic}
    uintx ProfiledCodeHeapSize                     = 122913754                              {pd product} {ergonomic}
    uintx ReservedCodeCacheSize                    = 251658240                              {pd product} {ergonomic}
     bool SegmentedCodeCache                       = true                                      {product} {ergonomic}
     bool UseCompressedClassPointers               = true                                 {lp64_product} {ergonomic}
     bool UseCompressedOops                        = true                                 {lp64_product} {ergonomic}
     bool UseG1GC                                  = true                                      {product} {ergonomic}
     bool UseLargePagesIndividualAllocation        = false                                  {pd product} {ergonomic}

Logging:
Log output configuration:
 #0: stdout all=warning uptime,level,tags
 #1: stderr all=off uptime,level,tags

Environment Variables:
CLASSPATH=C:\Users\jahan\Desktop\RopStam\Car_Registration\android\\gradle\wrapper\gradle-wrapper.jar
PATH=C:\Users\jahan\Desktop\RopStam\Car_Registration\android\node_modules\.bin;C:\Users\jahan\Desktop\RopStam\Car_Registration\node_modules\.bin;C:\Users\jahan\Desktop\RopStam\node_modules\.bin;C:\Users\jahan\Desktop\node_modules\.bin;C:\Users\jahan\node_modules\.bin;C:\Users\node_modules\.bin;C:\node_modules\.bin;C:\Program Files\nodejs;C:\Python310\Scripts\;C:\Python310\;C:\Program Files\Common Files\Oracle\Java\javapath;C:\WINDOWS\system32;C:\WINDOWS;C:\WINDOWS\System32\Wbem;C:\WINDOWS\System32\WindowsPowerShell\v1.0\;C:\Program Files\nodejs\;C:\ProgramData\chocolatey\bin;C:\Program Files\Java\jdk-11.0.15\bin;C:\Users\jahan\AppData\Local\Android\Sdk;C:\Users\jahan\AppData\Local\Android\Sdk\emulator;C:\Users\jahan\AppData\Local\Android\Sdk\platform-tools;C:\Program Files\Git\cmd;C:\WINDOWS\System32\OpenSSH\;C:\Users\jahan\AppData\Roaming\npm;C:\Users\jahan\AppData\Local\Programs\Microsoft VS Code\bin;C:\Users\jahan\AppData\Local\Microsoft\WindowsApps;
USERNAME=jahan
OS=Windows_NT
PROCESSOR_IDENTIFIER=Intel64 Family 6 Model 58 Stepping 9, GenuineIntel



---------------  S Y S T E M  ---------------

OS: Windows 10 , 64 bit Build 19041 (10.0.19041.1706)

CPU:total 4 (initial active 4) (2 cores per cpu, 2 threads per core) family 6 model 58 stepping 9 microcode 0x21, cmov, cx8, fxsr, mmx, sse, sse2, sse3, ssse3, sse4.1, sse4.2, popcnt, avx, aes, clmul, erms, ht, tsc, tscinvbit, tscinv

Memory: 4k page, system-wide physical 8084M (163M free)
TotalPageFile size 18164M (AvailPageFile size 0M)
current process WorkingSet (physical memory assigned to process): 401M, peak: 541M
current process commit charge ("private bytes"): 731M, peak: 732M

vm_info: Java HotSpot(TM) 64-Bit Server VM (11.0.15+8-LTS-149) for windows-amd64 JRE (11.0.15+8-LTS-149), built on Mar  9 2022 22:42:32 by "mach5one" with MS VC++ 15.9 (VS2017)

END.
